D, [2012-01-24T20:25:59.660672 #3764] DEBUG -- :   [1m[36m (0.0ms)[0m  [1mselect sqlite_version(*)[0m
D, [2012-01-24T20:25:59.851683 #3764] DEBUG -- :   [1m[35m (191.0ms)[0m  CREATE TABLE "schema_migrations" ("version" varchar(255) NOT NULL) 
D, [2012-01-24T20:25:59.852683 #3764] DEBUG -- :   [1m[36m (1.0ms)[0m  [1mPRAGMA index_list("schema_migrations")[0m
D, [2012-01-24T20:25:59.974690 #3764] DEBUG -- :   [1m[35m (122.0ms)[0m  CREATE UNIQUE INDEX "unique_schema_migrations" ON "schema_migrations" ("version")
D, [2012-01-24T20:26:51.188619 #4568] DEBUG -- :   [1m[36m (0.0ms)[0m  [1mSELECT "schema_migrations"."version" FROM "schema_migrations" [0m
I, [2012-01-24T20:26:51.189619 #4568]  INFO -- : Migrating to ElanParser (1)
D, [2012-01-24T20:26:51.189619 #4568] DEBUG -- :   [1m[35m (0.0ms)[0m  select sqlite_version(*)
D, [2012-01-24T20:30:37.851583 #3628] DEBUG -- :   [1m[36m (0.0ms)[0m  [1mSELECT "schema_migrations"."version" FROM "schema_migrations" [0m
I, [2012-01-24T20:30:37.851583 #3628]  INFO -- : Migrating to ElanParser (1)
D, [2012-01-24T20:30:37.851583 #3628] DEBUG -- :   [1m[35m (0.0ms)[0m  select sqlite_version(*)
D, [2012-01-24T20:30:37.890586 #3628] DEBUG -- :   [1m[36m (27.0ms)[0m  [1mCREATE TABLE "documents" ("id" INTEGER PRIMARY KEY AUTOINCREMENT NOT NULL, "created_at" datetime, "updated_at" datetime, "file_name" varchar(255) NOT NULL, "projects_id" integer) [0m
D, [2012-01-24T20:30:37.891586 #3628] DEBUG -- :   [1m[35m (0.0ms)[0m  CREATE TABLE "projects" ("id" INTEGER PRIMARY KEY AUTOINCREMENT NOT NULL, "created_at" datetime, "updated_at" datetime, "project_name" varchar(255) NOT NULL, "description" text NOT NULL) 
D, [2012-01-24T20:31:25.437305 #4492] DEBUG -- :   [1m[36m (0.0ms)[0m  [1mSELECT "schema_migrations"."version" FROM "schema_migrations" [0m
I, [2012-01-24T20:31:25.437305 #4492]  INFO -- : Migrating to ElanParser (1)
D, [2012-01-24T20:31:25.437305 #4492] DEBUG -- :   [1m[35m (0.0ms)[0m  select sqlite_version(*)
D, [2012-01-24T20:31:25.449306 #4492] DEBUG -- :   [1m[36m (1.0ms)[0m  [1mCREATE TABLE "documents" ("id" INTEGER PRIMARY KEY AUTOINCREMENT NOT NULL, "created_at" datetime, "updated_at" datetime, "file_name" varchar(255) NOT NULL, "projects_id" integer) [0m
D, [2012-01-24T20:31:25.451306 #4492] DEBUG -- :   [1m[35m (0.0ms)[0m  CREATE TABLE "projects" ("id" INTEGER PRIMARY KEY AUTOINCREMENT NOT NULL, "created_at" datetime, "updated_at" datetime, "project_name" varchar(255) NOT NULL, "description" text NOT NULL) 
D, [2012-01-24T20:31:25.452306 #4492] DEBUG -- :   [1m[36m (0.0ms)[0m  [1mCREATE TABLE "media_descriptors" ("id" INTEGER PRIMARY KEY AUTOINCREMENT NOT NULL, "media_url" varchar(255) NOT NULL, "relative_media_url" varchar(255) NOT NULL, "mime_type" varchar(255) NOT NULL, "time_origin" varchar(255) NOT NULL, "extracted_from" varchar(255)) [0m
D, [2012-01-24T20:31:25.452306 #4492] DEBUG -- :   [1m[35m (0.0ms)[0m  CREATE TABLE "properties" ("id" INTEGER PRIMARY KEY AUTOINCREMENT NOT NULL, "name" varchar(255) NOT NULL, "value" varchar(255) NOT NULL) 
D, [2012-01-24T20:31:25.453306 #4492] DEBUG -- :   [1m[36m (0.0ms)[0m  [1mCREATE TABLE "linked_file_descriptors" ("id" INTEGER PRIMARY KEY AUTOINCREMENT NOT NULL, "link_url" varchar(255), "relative_link_url" varchar(255), "mime_type" varchar(255), "time_origin" integer, "associated_with" varchar(255)) [0m
D, [2012-01-24T20:53:41.161704 #2360] DEBUG -- :   [1m[36m (0.0ms)[0m  [1mSELECT "schema_migrations"."version" FROM "schema_migrations" [0m
I, [2012-01-24T20:53:41.161704 #2360]  INFO -- : Migrating to ElanParser (1)
D, [2012-01-24T20:53:41.161704 #2360] DEBUG -- :   [1m[35m (0.0ms)[0m  select sqlite_version(*)
D, [2012-01-24T20:54:49.465611 #2852] DEBUG -- :   [1m[36m (0.0ms)[0m  [1mSELECT "schema_migrations"."version" FROM "schema_migrations" [0m
I, [2012-01-24T20:54:49.465611 #2852]  INFO -- : Migrating to ElanParser (1)
D, [2012-01-24T20:54:49.465611 #2852] DEBUG -- :   [1m[35m (0.0ms)[0m  select sqlite_version(*)
D, [2012-01-24T20:54:49.507613 #2852] DEBUG -- :   [1m[36m (27.0ms)[0m  [1mCREATE TABLE "documents" ("id" INTEGER PRIMARY KEY AUTOINCREMENT NOT NULL, "created_at" datetime, "updated_at" datetime, "file_name" varchar(255) NOT NULL, "projects_id" integer) [0m
D, [2012-01-24T20:54:49.509614 #2852] DEBUG -- :   [1m[35m (1.0ms)[0m  CREATE TABLE "projects" ("id" INTEGER PRIMARY KEY AUTOINCREMENT NOT NULL, "created_at" datetime, "updated_at" datetime, "project_name" varchar(255) NOT NULL, "description" text NOT NULL) 
D, [2012-01-24T20:54:49.510614 #2852] DEBUG -- :   [1m[36m (0.0ms)[0m  [1mCREATE TABLE "media_descriptors" ("id" INTEGER PRIMARY KEY AUTOINCREMENT NOT NULL, "media_url" varchar(255) NOT NULL, "relative_media_url" varchar(255) NOT NULL, "mime_type" varchar(255) NOT NULL, "time_origin" varchar(255) NOT NULL, "extracted_from" varchar(255)) [0m
D, [2012-01-24T20:54:49.511614 #2852] DEBUG -- :   [1m[35m (1.0ms)[0m  CREATE TABLE "properties" ("id" INTEGER PRIMARY KEY AUTOINCREMENT NOT NULL, "name" varchar(255) NOT NULL, "value" varchar(255) NOT NULL) 
D, [2012-01-24T20:54:49.512614 #2852] DEBUG -- :   [1m[36m (0.0ms)[0m  [1mCREATE TABLE "linked_file_descriptors" ("id" INTEGER PRIMARY KEY AUTOINCREMENT NOT NULL, "link_url" varchar(255), "relative_link_url" varchar(255), "mime_type" varchar(255), "time_origin" integer, "associated_with" varchar(255)) [0m
D, [2012-01-24T20:54:49.513614 #2852] DEBUG -- :   [1m[35m (0.0ms)[0m  CREATE TABLE "headers" ("id" INTEGER PRIMARY KEY AUTOINCREMENT NOT NULL, "media_file" varchar(255), "time_units" varchar(255) NOT NULL) 
D, [2012-01-24T20:54:49.514614 #2852] DEBUG -- :   [1m[36m (0.0ms)[0m  [1mCREATE TABLE "headers_to_media_descriptors" ("id" INTEGER PRIMARY KEY AUTOINCREMENT NOT NULL, "headers_id" integer, "media_descriptors_id" integer) [0m
D, [2012-01-24T20:54:49.515614 #2852] DEBUG -- :   [1m[35m (0.0ms)[0m  CREATE TABLE "headers_to_linked_file_descriptors" ("id" INTEGER PRIMARY KEY AUTOINCREMENT NOT NULL, "headers_id" integer, "linked_file_descriptors_id" integer) 
D, [2012-01-24T20:54:49.516614 #2852] DEBUG -- :   [1m[36m (0.0ms)[0m  [1mCREATE TABLE "headers_to_properties" ("id" INTEGER PRIMARY KEY AUTOINCREMENT NOT NULL, "headers_id" integer, "linked_file_descriptors_id" integer) [0m
D, [2012-01-24T20:54:49.517614 #2852] DEBUG -- :   [1m[35m (0.0ms)[0m  CREATE TABLE "time_slots" ("id" INTEGER PRIMARY KEY AUTOINCREMENT NOT NULL, "time_value" integer NOT NULL) 
D, [2012-01-24T20:54:49.518614 #2852] DEBUG -- :   [1m[36m (1.0ms)[0m  [1mCREATE TABLE "time_orders" ("id" INTEGER PRIMARY KEY AUTOINCREMENT NOT NULL, "time_slots_id" integer) [0m
D, [2012-01-24T20:54:49.519614 #2852] DEBUG -- :   [1m[35m (1.0ms)[0m  CREATE TABLE "reference_annotations" ("id" INTEGER PRIMARY KEY AUTOINCREMENT NOT NULL, "ext_ref" varchar(255), "annotation_ref" varchar(255), "previous_annotation" varchar(255), "annotation_value" varchar(255)) 
D, [2012-01-24T20:54:49.519614 #2852] DEBUG -- :   [1m[36m (0.0ms)[0m  [1mCREATE TABLE "alignable_annotations" ("id" INTEGER PRIMARY KEY AUTOINCREMENT NOT NULL, "svg_ref" varchar(255), "ext_ref" varchar(255), "annotation_value" varchar(255)) [0m
D, [2012-01-24T20:54:49.520614 #2852] DEBUG -- :   [1m[35m (0.0ms)[0m  CREATE TABLE "alignable_annotations_to_time_slots" ("id" INTEGER PRIMARY KEY AUTOINCREMENT NOT NULL, "alignable_annotations_id" integer, "time_slots_id" integer) 
D, [2012-01-24T20:56:27.278206 #4872] DEBUG -- :   [1m[36m (1.0ms)[0m  [1mSELECT "schema_migrations"."version" FROM "schema_migrations" [0m
I, [2012-01-24T20:56:27.278206 #4872]  INFO -- : Migrating to ElanParser (1)
D, [2012-01-24T20:56:27.278206 #4872] DEBUG -- :   [1m[35m (0.0ms)[0m  select sqlite_version(*)
D, [2012-01-24T20:56:27.295207 #4872] DEBUG -- :   [1m[36m (1.0ms)[0m  [1mCREATE TABLE "documents" ("id" INTEGER PRIMARY KEY AUTOINCREMENT NOT NULL, "created_at" datetime, "updated_at" datetime, "file_name" varchar(255) NOT NULL, "projects_id" integer) [0m
D, [2012-01-24T20:56:27.296207 #4872] DEBUG -- :   [1m[35m (0.0ms)[0m  CREATE TABLE "projects" ("id" INTEGER PRIMARY KEY AUTOINCREMENT NOT NULL, "created_at" datetime, "updated_at" datetime, "project_name" varchar(255) NOT NULL, "description" text NOT NULL) 
D, [2012-01-24T20:56:27.297207 #4872] DEBUG -- :   [1m[36m (0.0ms)[0m  [1mCREATE TABLE "media_descriptors" ("id" INTEGER PRIMARY KEY AUTOINCREMENT NOT NULL, "media_url" varchar(255) NOT NULL, "relative_media_url" varchar(255) NOT NULL, "mime_type" varchar(255) NOT NULL, "time_origin" varchar(255) NOT NULL, "extracted_from" varchar(255)) [0m
D, [2012-01-24T20:56:27.298207 #4872] DEBUG -- :   [1m[35m (0.0ms)[0m  CREATE TABLE "properties" ("id" INTEGER PRIMARY KEY AUTOINCREMENT NOT NULL, "name" varchar(255) NOT NULL, "value" varchar(255) NOT NULL) 
D, [2012-01-24T20:56:27.299207 #4872] DEBUG -- :   [1m[36m (0.0ms)[0m  [1mCREATE TABLE "linked_file_descriptors" ("id" INTEGER PRIMARY KEY AUTOINCREMENT NOT NULL, "link_url" varchar(255), "relative_link_url" varchar(255), "mime_type" varchar(255), "time_origin" integer, "associated_with" varchar(255)) [0m
D, [2012-01-24T20:56:27.300207 #4872] DEBUG -- :   [1m[35m (0.0ms)[0m  CREATE TABLE "headers" ("id" INTEGER PRIMARY KEY AUTOINCREMENT NOT NULL, "media_file" varchar(255), "time_units" varchar(255) NOT NULL) 
D, [2012-01-24T20:56:27.300207 #4872] DEBUG -- :   [1m[36m (0.0ms)[0m  [1mCREATE TABLE "headers_to_media_descriptors" ("id" INTEGER PRIMARY KEY AUTOINCREMENT NOT NULL, "headers_id" integer, "media_descriptors_id" integer) [0m
D, [2012-01-24T20:56:27.301207 #4872] DEBUG -- :   [1m[35m (0.0ms)[0m  CREATE TABLE "headers_to_linked_file_descriptors" ("id" INTEGER PRIMARY KEY AUTOINCREMENT NOT NULL, "headers_id" integer, "linked_file_descriptors_id" integer) 
D, [2012-01-24T20:56:27.302207 #4872] DEBUG -- :   [1m[36m (0.0ms)[0m  [1mCREATE TABLE "headers_to_properties" ("id" INTEGER PRIMARY KEY AUTOINCREMENT NOT NULL, "headers_id" integer, "linked_file_descriptors_id" integer) [0m
D, [2012-01-24T20:56:27.303207 #4872] DEBUG -- :   [1m[35m (0.0ms)[0m  CREATE TABLE "time_slots" ("id" INTEGER PRIMARY KEY AUTOINCREMENT NOT NULL, "time_value" integer NOT NULL) 
D, [2012-01-24T20:56:27.304207 #4872] DEBUG -- :   [1m[36m (1.0ms)[0m  [1mCREATE TABLE "time_orders" ("id" INTEGER PRIMARY KEY AUTOINCREMENT NOT NULL, "time_slots_id" integer) [0m
D, [2012-01-24T20:56:27.304207 #4872] DEBUG -- :   [1m[35m (0.0ms)[0m  CREATE TABLE "reference_annotations" ("id" INTEGER PRIMARY KEY AUTOINCREMENT NOT NULL, "ext_ref" varchar(255), "annotation_ref" varchar(255), "previous_annotation" varchar(255), "annotation_value" varchar(255)) 
D, [2012-01-24T20:56:27.305207 #4872] DEBUG -- :   [1m[36m (0.0ms)[0m  [1mCREATE TABLE "alignable_annotations" ("id" INTEGER PRIMARY KEY AUTOINCREMENT NOT NULL, "svg_ref" varchar(255), "ext_ref" varchar(255), "annotation_value" varchar(255)) [0m
D, [2012-01-24T20:56:27.306207 #4872] DEBUG -- :   [1m[35m (0.0ms)[0m  CREATE TABLE "alignable_annotations_to_time_slots" ("id" INTEGER PRIMARY KEY AUTOINCREMENT NOT NULL, "alignable_annotations_id" integer, "time_slots_id" integer) 
D, [2012-01-24T20:56:27.307207 #4872] DEBUG -- :   [1m[36m (0.0ms)[0m  [1mCREATE TABLE "annotations" ("id" INTEGER PRIMARY KEY AUTOINCREMENT NOT NULL, "alignable_annotations_id" integer, "ref_annotations_id" integer) [0m
D, [2012-01-24T20:56:27.308207 #4872] DEBUG -- :   [1m[35m (0.0ms)[0m  CREATE TABLE "tiers" ("id" INTEGER PRIMARY KEY AUTOINCREMENT NOT NULL, "participant" varchar(255), "annotator" varchar(255), "linguistic_type_ref" varchar(255) NOT NULL, "default_locale" varchar(255) NOT NULL, "parent_ref" varchar(255), "tier_id" varchar(255) NOT NULL) 
D, [2012-01-24T20:56:27.309207 #4872] DEBUG -- :   [1m[36m (0.0ms)[0m  [1mCREATE TABLE "tiers_to_annotations" ("id" INTEGER PRIMARY KEY AUTOINCREMENT NOT NULL, "tiers_id" integer, "annotations_id" integer) [0m
D, [2012-01-24T20:56:27.310207 #4872] DEBUG -- :   [1m[35m (0.0ms)[0m  CREATE TABLE "linguistic_types" ("id" INTEGER PRIMARY KEY AUTOINCREMENT NOT NULL, "linguistic_type_id" varchar(255), "time_alignable" boolean, "constraints" varchar(255), "graphic_references" boolean, "controlled_vocabulary_ref" varchar(255), "ext_ref" varchar(255), "lexicon_ref" varchar(255)) 
D, [2012-01-24T20:56:27.311207 #4872] DEBUG -- :   [1m[36m (1.0ms)[0m  [1mCREATE TABLE "locales" ("id" INTEGER PRIMARY KEY AUTOINCREMENT NOT NULL, "language_code" varchar(255), "country_code" varchar(255), "variant" varchar(255)) [0m
D, [2012-01-24T20:56:27.311207 #4872] DEBUG -- :   [1m[35m (0.0ms)[0m  CREATE TABLE "constraints" ("id" INTEGER PRIMARY KEY AUTOINCREMENT NOT NULL, "stereotype" varchar(255), "description" varchar(255)) 
D, [2012-01-24T20:59:33.408852 #4252] DEBUG -- :   [1m[36m (0.0ms)[0m  [1mSELECT "schema_migrations"."version" FROM "schema_migrations" [0m
I, [2012-01-24T20:59:33.408852 #4252]  INFO -- : Migrating to ElanParser (1)
D, [2012-01-24T20:59:33.408852 #4252] DEBUG -- :   [1m[35m (0.0ms)[0m  select sqlite_version(*)
D, [2012-01-24T20:59:33.424853 #4252] DEBUG -- :   [1m[36m (0.0ms)[0m  [1mCREATE TABLE "documents" ("id" INTEGER PRIMARY KEY AUTOINCREMENT NOT NULL, "created_at" datetime, "updated_at" datetime, "file_name" varchar(255) NOT NULL, "projects_id" integer) [0m
D, [2012-01-24T20:59:33.426853 #4252] DEBUG -- :   [1m[35m (0.0ms)[0m  CREATE TABLE "projects" ("id" INTEGER PRIMARY KEY AUTOINCREMENT NOT NULL, "created_at" datetime, "updated_at" datetime, "project_name" varchar(255) NOT NULL, "description" text NOT NULL) 
D, [2012-01-24T20:59:33.427853 #4252] DEBUG -- :   [1m[36m (0.0ms)[0m  [1mCREATE TABLE "media_descriptors" ("id" INTEGER PRIMARY KEY AUTOINCREMENT NOT NULL, "media_url" varchar(255) NOT NULL, "relative_media_url" varchar(255) NOT NULL, "mime_type" varchar(255) NOT NULL, "time_origin" varchar(255) NOT NULL, "extracted_from" varchar(255)) [0m
D, [2012-01-24T20:59:33.428853 #4252] DEBUG -- :   [1m[35m (0.0ms)[0m  CREATE TABLE "properties" ("id" INTEGER PRIMARY KEY AUTOINCREMENT NOT NULL, "name" varchar(255) NOT NULL, "value" varchar(255) NOT NULL) 
D, [2012-01-24T20:59:33.429853 #4252] DEBUG -- :   [1m[36m (1.0ms)[0m  [1mCREATE TABLE "linked_file_descriptors" ("id" INTEGER PRIMARY KEY AUTOINCREMENT NOT NULL, "link_url" varchar(255), "relative_link_url" varchar(255), "mime_type" varchar(255), "time_origin" integer, "associated_with" varchar(255)) [0m
D, [2012-01-24T20:59:33.429853 #4252] DEBUG -- :   [1m[35m (0.0ms)[0m  CREATE TABLE "headers" ("id" INTEGER PRIMARY KEY AUTOINCREMENT NOT NULL, "media_file" varchar(255), "time_units" varchar(255) NOT NULL) 
D, [2012-01-24T20:59:33.430853 #4252] DEBUG -- :   [1m[36m (0.0ms)[0m  [1mCREATE TABLE "headers_to_media_descriptors" ("id" INTEGER PRIMARY KEY AUTOINCREMENT NOT NULL, "headers_id" integer, "media_descriptors_id" integer) [0m
D, [2012-01-24T20:59:33.431853 #4252] DEBUG -- :   [1m[35m (0.0ms)[0m  CREATE TABLE "headers_to_linked_file_descriptors" ("id" INTEGER PRIMARY KEY AUTOINCREMENT NOT NULL, "headers_id" integer, "linked_file_descriptors_id" integer) 
D, [2012-01-24T20:59:33.432853 #4252] DEBUG -- :   [1m[36m (0.0ms)[0m  [1mCREATE TABLE "headers_to_properties" ("id" INTEGER PRIMARY KEY AUTOINCREMENT NOT NULL, "headers_id" integer, "linked_file_descriptors_id" integer) [0m
D, [2012-01-24T20:59:33.432853 #4252] DEBUG -- :   [1m[35m (0.0ms)[0m  CREATE TABLE "time_slots" ("id" INTEGER PRIMARY KEY AUTOINCREMENT NOT NULL, "time_value" integer NOT NULL) 
D, [2012-01-24T20:59:33.433853 #4252] DEBUG -- :   [1m[36m (0.0ms)[0m  [1mCREATE TABLE "time_orders" ("id" INTEGER PRIMARY KEY AUTOINCREMENT NOT NULL, "time_slots_id" integer) [0m
D, [2012-01-24T20:59:33.434853 #4252] DEBUG -- :   [1m[35m (0.0ms)[0m  CREATE TABLE "reference_annotations" ("id" INTEGER PRIMARY KEY AUTOINCREMENT NOT NULL, "ext_ref" varchar(255), "annotation_ref" varchar(255), "previous_annotation" varchar(255), "annotation_value" varchar(255)) 
D, [2012-01-24T20:59:33.435853 #4252] DEBUG -- :   [1m[36m (1.0ms)[0m  [1mCREATE TABLE "alignable_annotations" ("id" INTEGER PRIMARY KEY AUTOINCREMENT NOT NULL, "svg_ref" varchar(255), "ext_ref" varchar(255), "annotation_value" varchar(255)) [0m
D, [2012-01-24T20:59:33.435853 #4252] DEBUG -- :   [1m[35m (0.0ms)[0m  CREATE TABLE "alignable_annotations_to_time_slots" ("id" INTEGER PRIMARY KEY AUTOINCREMENT NOT NULL, "alignable_annotations_id" integer, "time_slots_id" integer) 
D, [2012-01-24T20:59:33.436853 #4252] DEBUG -- :   [1m[36m (0.0ms)[0m  [1mCREATE TABLE "annotations" ("id" INTEGER PRIMARY KEY AUTOINCREMENT NOT NULL, "alignable_annotations_id" integer, "ref_annotations_id" integer) [0m
D, [2012-01-24T20:59:33.437853 #4252] DEBUG -- :   [1m[35m (0.0ms)[0m  CREATE TABLE "tiers" ("id" INTEGER PRIMARY KEY AUTOINCREMENT NOT NULL, "participant" varchar(255), "annotator" varchar(255), "linguistic_type_ref" varchar(255) NOT NULL, "default_locale" varchar(255) NOT NULL, "parent_ref" varchar(255), "tier_id" varchar(255) NOT NULL) 
D, [2012-01-24T20:59:33.438853 #4252] DEBUG -- :   [1m[36m (0.0ms)[0m  [1mCREATE TABLE "tiers_to_annotations" ("id" INTEGER PRIMARY KEY AUTOINCREMENT NOT NULL, "tiers_id" integer, "annotations_id" integer) [0m
D, [2012-01-24T20:59:33.439853 #4252] DEBUG -- :   [1m[35m (0.0ms)[0m  CREATE TABLE "linguistic_types" ("id" INTEGER PRIMARY KEY AUTOINCREMENT NOT NULL, "linguistic_type_id" varchar(255), "time_alignable" boolean, "constraints" varchar(255), "graphic_references" boolean, "controlled_vocabulary_ref" varchar(255), "ext_ref" varchar(255), "lexicon_ref" varchar(255)) 
D, [2012-01-24T20:59:33.439853 #4252] DEBUG -- :   [1m[36m (0.0ms)[0m  [1mCREATE TABLE "locales" ("id" INTEGER PRIMARY KEY AUTOINCREMENT NOT NULL, "language_code" varchar(255), "country_code" varchar(255), "variant" varchar(255)) [0m
D, [2012-01-24T20:59:33.440853 #4252] DEBUG -- :   [1m[35m (0.0ms)[0m  CREATE TABLE "constraints" ("id" INTEGER PRIMARY KEY AUTOINCREMENT NOT NULL, "stereotype" varchar(255), "description" varchar(255)) 
D, [2012-01-24T20:59:33.441854 #4252] DEBUG -- :   [1m[36m (0.0ms)[0m  [1mCREATE TABLE "cv_entries" ("id" INTEGER PRIMARY KEY AUTOINCREMENT NOT NULL, "description" varchar(255), "ext_ref" varchar(255)) [0m
D, [2012-01-24T20:59:33.442854 #4252] DEBUG -- :   [1m[35m (1.0ms)[0m  CREATE TABLE "controlled_vocabularies" ("id" INTEGER PRIMARY KEY AUTOINCREMENT NOT NULL, "cv_id" varchar(255) NOT NULL, "description" varchar(255) NOT NULL, "ext_ref" varchar(255)) 
D, [2012-01-24T20:59:33.442854 #4252] DEBUG -- :   [1m[36m (0.0ms)[0m  [1mCREATE TABLE "controlled_vocabularies_to_cv_entries" ("id" INTEGER PRIMARY KEY AUTOINCREMENT NOT NULL, "controlled_vocabularies_id" integer, "cv_entries_id" integer) [0m
D, [2012-01-24T20:59:33.443854 #4252] DEBUG -- :   [1m[35m (0.0ms)[0m  CREATE TABLE "lexicon_references" ("id" INTEGER PRIMARY KEY AUTOINCREMENT NOT NULL, "lex_ref_id" varchar(255) NOT NULL, "name" varchar(255) NOT NULL, "type" varchar(255) NOT NULL, "url" varchar(255), "lexicon_id" varchar(255) NOT NULL, "lexicon_name" varchar(255) NOT NULL, "datcat_id" varchar(255) NOT NULL, "datcat_name" varchar(255) NOT NULL) 
D, [2012-01-24T20:59:33.444854 #4252] DEBUG -- :   [1m[36m (0.0ms)[0m  [1mCREATE TABLE "external_references" ("id" INTEGER PRIMARY KEY AUTOINCREMENT NOT NULL, "ext_ref_id" varchar(255) NOT NULL, "type" varchar(255) NOT NULL, "value" varchar(255) NOT NULL, "iso12620" varchar(255), "ecv" varchar(255), "cve_id" varchar(255), "lexen_id" varchar(255), "resource_url" varchar(255)) [0m
D, [2012-01-24T20:59:33.445854 #4252] DEBUG -- :   [1m[35m (0.0ms)[0m  CREATE TABLE "annotation_documents" ("id" INTEGER PRIMARY KEY AUTOINCREMENT NOT NULL, "author" varchar(255) NOT NULL, "date" datetime NOT NULL, "format" varchar(255), "version" varchar(255), "headers_id" integer, "time_orders_id" integer) 
D, [2012-01-24T20:59:33.446854 #4252] DEBUG -- :   [1m[36m (0.0ms)[0m  [1mCREATE TABLE "annotation_documents_to_tiers" ("id" INTEGER PRIMARY KEY AUTOINCREMENT NOT NULL, "annotation_documents_id" integer, "tiers_id" integer) [0m
D, [2012-01-24T20:59:33.448854 #4252] DEBUG -- :   [1m[35m (1.0ms)[0m  CREATE TABLE "annotation_documents_to_linguistic_types" ("id" INTEGER PRIMARY KEY AUTOINCREMENT NOT NULL, "annotation_documents_id" integer, "linguistic_types_id" integer) 
D, [2012-01-24T20:59:33.450854 #4252] DEBUG -- :   [1m[36m (0.0ms)[0m  [1mCREATE TABLE "annotation_documents_to_locales" ("id" INTEGER PRIMARY KEY AUTOINCREMENT NOT NULL, "annotation_documents_id" integer, "locales_id" integer) [0m
D, [2012-01-24T20:59:33.452854 #4252] DEBUG -- :   [1m[35m (0.0ms)[0m  CREATE TABLE "annotation_documents_to_constraints" ("id" INTEGER PRIMARY KEY AUTOINCREMENT NOT NULL, "annotation_documents_id" integer, "contraints_id" integer) 
D, [2012-01-24T20:59:33.454854 #4252] DEBUG -- :   [1m[36m (0.0ms)[0m  [1mCREATE TABLE "annotation_documents_to_controlled_vocabularies" ("id" INTEGER PRIMARY KEY AUTOINCREMENT NOT NULL, "annotation_documents_id" integer, "controlled_vocabularies_id" integer) [0m
D, [2012-01-24T20:59:33.456854 #4252] DEBUG -- :   [1m[35m (0.0ms)[0m  CREATE TABLE "annotation_documents_to_lexicon_refs" ("id" INTEGER PRIMARY KEY AUTOINCREMENT NOT NULL, "annotation_documents_id" integer, "lexicon_refs_id" integer) 
D, [2012-01-24T20:59:33.458855 #4252] DEBUG -- :   [1m[36m (0.0ms)[0m  [1mCREATE TABLE "annotation_documents_to_external_refs" ("id" INTEGER PRIMARY KEY AUTOINCREMENT NOT NULL, "annotation_documents_id" integer, "external_refs_id" integer) [0m
D, [2012-01-24T20:59:33.461855 #4252] DEBUG -- :   [1m[35m (0.0ms)[0m  INSERT INTO "schema_migrations" ("version") VALUES ('1')
D, [2012-01-24T21:01:38.383000 #1036] DEBUG -- :   [1m[36m (0.0ms)[0m  [1mselect sqlite_version(*)[0m
D, [2012-01-24T21:01:38.568010 #1036] DEBUG -- :   [1m[35m (184.0ms)[0m  CREATE TABLE "schema_migrations" ("version" varchar(255) NOT NULL) 
D, [2012-01-24T21:01:38.569010 #1036] DEBUG -- :   [1m[36m (0.0ms)[0m  [1mPRAGMA index_list("schema_migrations")[0m
D, [2012-01-24T21:01:38.718019 #1036] DEBUG -- :   [1m[35m (149.0ms)[0m  CREATE UNIQUE INDEX "unique_schema_migrations" ON "schema_migrations" ("version")
D, [2012-01-24T21:01:38.723019 #1036] DEBUG -- :   [1m[36m (0.0ms)[0m  [1mSELECT "schema_migrations"."version" FROM "schema_migrations" [0m
I, [2012-01-24T21:01:38.723019 #1036]  INFO -- : Migrating to ElanParser (1)
D, [2012-01-24T21:01:38.766022 #1036] DEBUG -- :   [1m[35m (1.0ms)[0m  CREATE TABLE "documents" ("id" INTEGER PRIMARY KEY AUTOINCREMENT NOT NULL, "created_at" datetime, "updated_at" datetime, "file_name" varchar(255) NOT NULL, "projects_id" integer) 
D, [2012-01-24T21:01:38.768022 #1036] DEBUG -- :   [1m[36m (0.0ms)[0m  [1mCREATE TABLE "projects" ("id" INTEGER PRIMARY KEY AUTOINCREMENT NOT NULL, "created_at" datetime, "updated_at" datetime, "project_name" varchar(255) NOT NULL, "description" text NOT NULL) [0m
D, [2012-01-24T21:01:38.769022 #1036] DEBUG -- :   [1m[35m (0.0ms)[0m  CREATE TABLE "media_descriptors" ("id" INTEGER PRIMARY KEY AUTOINCREMENT NOT NULL, "media_url" varchar(255) NOT NULL, "relative_media_url" varchar(255) NOT NULL, "mime_type" varchar(255) NOT NULL, "time_origin" varchar(255) NOT NULL, "extracted_from" varchar(255)) 
D, [2012-01-24T21:01:38.771022 #1036] DEBUG -- :   [1m[36m (0.0ms)[0m  [1mCREATE TABLE "properties" ("id" INTEGER PRIMARY KEY AUTOINCREMENT NOT NULL, "name" varchar(255) NOT NULL, "value" varchar(255) NOT NULL) [0m
D, [2012-01-24T21:01:38.772022 #1036] DEBUG -- :   [1m[35m (0.0ms)[0m  CREATE TABLE "linked_file_descriptors" ("id" INTEGER PRIMARY KEY AUTOINCREMENT NOT NULL, "link_url" varchar(255), "relative_link_url" varchar(255), "mime_type" varchar(255), "time_origin" integer, "associated_with" varchar(255)) 
D, [2012-01-24T21:01:38.773022 #1036] DEBUG -- :   [1m[36m (0.0ms)[0m  [1mCREATE TABLE "headers" ("id" INTEGER PRIMARY KEY AUTOINCREMENT NOT NULL, "media_file" varchar(255), "time_units" varchar(255) NOT NULL) [0m
D, [2012-01-24T21:01:38.774022 #1036] DEBUG -- :   [1m[35m (0.0ms)[0m  CREATE TABLE "headers_to_media_descriptors" ("id" INTEGER PRIMARY KEY AUTOINCREMENT NOT NULL, "headers_id" integer, "media_descriptors_id" integer) 
D, [2012-01-24T21:01:38.775022 #1036] DEBUG -- :   [1m[36m (0.0ms)[0m  [1mCREATE TABLE "headers_to_linked_file_descriptors" ("id" INTEGER PRIMARY KEY AUTOINCREMENT NOT NULL, "headers_id" integer, "linked_file_descriptors_id" integer) [0m
D, [2012-01-24T21:01:38.776022 #1036] DEBUG -- :   [1m[35m (0.0ms)[0m  CREATE TABLE "headers_to_properties" ("id" INTEGER PRIMARY KEY AUTOINCREMENT NOT NULL, "headers_id" integer, "linked_file_descriptors_id" integer) 
D, [2012-01-24T21:01:38.777022 #1036] DEBUG -- :   [1m[36m (0.0ms)[0m  [1mCREATE TABLE "time_slots" ("id" INTEGER PRIMARY KEY AUTOINCREMENT NOT NULL, "time_value" integer NOT NULL) [0m
D, [2012-01-24T21:01:38.778022 #1036] DEBUG -- :   [1m[35m (0.0ms)[0m  CREATE TABLE "time_orders" ("id" INTEGER PRIMARY KEY AUTOINCREMENT NOT NULL, "time_slots_id" integer) 
D, [2012-01-24T21:01:38.779022 #1036] DEBUG -- :   [1m[36m (0.0ms)[0m  [1mCREATE TABLE "reference_annotations" ("id" INTEGER PRIMARY KEY AUTOINCREMENT NOT NULL, "ext_ref" varchar(255), "annotation_ref" varchar(255), "previous_annotation" varchar(255), "annotation_value" varchar(255)) [0m
D, [2012-01-24T21:01:38.780022 #1036] DEBUG -- :   [1m[35m (0.0ms)[0m  CREATE TABLE "alignable_annotations" ("id" INTEGER PRIMARY KEY AUTOINCREMENT NOT NULL, "svg_ref" varchar(255), "ext_ref" varchar(255), "annotation_value" varchar(255)) 
D, [2012-01-24T21:01:38.781023 #1036] DEBUG -- :   [1m[36m (0.0ms)[0m  [1mCREATE TABLE "alignable_annotations_to_time_slots" ("id" INTEGER PRIMARY KEY AUTOINCREMENT NOT NULL, "alignable_annotations_id" integer, "time_slot_ref1" integer NOT NULL, "time_slot_ref2" integer NOT NULL) [0m
D, [2012-01-24T21:01:38.782023 #1036] DEBUG -- :   [1m[35m (0.0ms)[0m  CREATE TABLE "annotations" ("id" INTEGER PRIMARY KEY AUTOINCREMENT NOT NULL, "alignable_annotations_id" integer, "ref_annotations_id" integer) 
D, [2012-01-24T21:01:38.784023 #1036] DEBUG -- :   [1m[36m (1.0ms)[0m  [1mCREATE TABLE "tiers" ("id" INTEGER PRIMARY KEY AUTOINCREMENT NOT NULL, "participant" varchar(255), "annotator" varchar(255), "linguistic_type_ref" varchar(255) NOT NULL, "default_locale" varchar(255) NOT NULL, "parent_ref" varchar(255), "tier_id" varchar(255) NOT NULL) [0m
D, [2012-01-24T21:01:38.785023 #1036] DEBUG -- :   [1m[35m (1.0ms)[0m  CREATE TABLE "tiers_to_annotations" ("id" INTEGER PRIMARY KEY AUTOINCREMENT NOT NULL, "tiers_id" integer, "annotations_id" integer) 
D, [2012-01-24T21:01:38.786023 #1036] DEBUG -- :   [1m[36m (0.0ms)[0m  [1mCREATE TABLE "linguistic_types" ("id" INTEGER PRIMARY KEY AUTOINCREMENT NOT NULL, "linguistic_type_id" varchar(255), "time_alignable" boolean, "constraints" varchar(255), "graphic_references" boolean, "controlled_vocabulary_ref" varchar(255), "ext_ref" varchar(255), "lexicon_ref" varchar(255)) [0m
D, [2012-01-24T21:01:38.787023 #1036] DEBUG -- :   [1m[35m (0.0ms)[0m  CREATE TABLE "locales" ("id" INTEGER PRIMARY KEY AUTOINCREMENT NOT NULL, "language_code" varchar(255), "country_code" varchar(255), "variant" varchar(255)) 
D, [2012-01-24T21:01:38.788023 #1036] DEBUG -- :   [1m[36m (0.0ms)[0m  [1mCREATE TABLE "constraints" ("id" INTEGER PRIMARY KEY AUTOINCREMENT NOT NULL, "stereotype" varchar(255), "description" varchar(255)) [0m
D, [2012-01-24T21:01:38.789023 #1036] DEBUG -- :   [1m[35m (0.0ms)[0m  CREATE TABLE "cv_entries" ("id" INTEGER PRIMARY KEY AUTOINCREMENT NOT NULL, "description" varchar(255), "ext_ref" varchar(255)) 
D, [2012-01-24T21:01:38.790023 #1036] DEBUG -- :   [1m[36m (0.0ms)[0m  [1mCREATE TABLE "controlled_vocabularies" ("id" INTEGER PRIMARY KEY AUTOINCREMENT NOT NULL, "cv_id" varchar(255) NOT NULL, "description" varchar(255) NOT NULL, "ext_ref" varchar(255)) [0m
D, [2012-01-24T21:01:38.791023 #1036] DEBUG -- :   [1m[35m (0.0ms)[0m  CREATE TABLE "controlled_vocabularies_to_cv_entries" ("id" INTEGER PRIMARY KEY AUTOINCREMENT NOT NULL, "controlled_vocabularies_id" integer, "cv_entries_id" integer) 
D, [2012-01-24T21:01:38.792023 #1036] DEBUG -- :   [1m[36m (0.0ms)[0m  [1mCREATE TABLE "lexicon_references" ("id" INTEGER PRIMARY KEY AUTOINCREMENT NOT NULL, "lex_ref_id" varchar(255) NOT NULL, "name" varchar(255) NOT NULL, "type" varchar(255) NOT NULL, "url" varchar(255), "lexicon_id" varchar(255) NOT NULL, "lexicon_name" varchar(255) NOT NULL, "datcat_id" varchar(255) NOT NULL, "datcat_name" varchar(255) NOT NULL) [0m
D, [2012-01-24T21:01:38.793023 #1036] DEBUG -- :   [1m[35m (0.0ms)[0m  CREATE TABLE "external_references" ("id" INTEGER PRIMARY KEY AUTOINCREMENT NOT NULL, "ext_ref_id" varchar(255) NOT NULL, "type" varchar(255) NOT NULL, "value" varchar(255) NOT NULL, "iso12620" varchar(255), "ecv" varchar(255), "cve_id" varchar(255), "lexen_id" varchar(255), "resource_url" varchar(255)) 
D, [2012-01-24T21:01:38.794023 #1036] DEBUG -- :   [1m[36m (0.0ms)[0m  [1mCREATE TABLE "annotation_documents" ("id" INTEGER PRIMARY KEY AUTOINCREMENT NOT NULL, "author" varchar(255) NOT NULL, "date" datetime NOT NULL, "format" varchar(255), "version" varchar(255), "headers_id" integer, "time_orders_id" integer) [0m
D, [2012-01-24T21:01:38.795023 #1036] DEBUG -- :   [1m[35m (0.0ms)[0m  CREATE TABLE "annotation_documents_to_tiers" ("id" INTEGER PRIMARY KEY AUTOINCREMENT NOT NULL, "annotation_documents_id" integer, "tiers_id" integer) 
D, [2012-01-24T21:01:38.796023 #1036] DEBUG -- :   [1m[36m (1.0ms)[0m  [1mCREATE TABLE "annotation_documents_to_linguistic_types" ("id" INTEGER PRIMARY KEY AUTOINCREMENT NOT NULL, "annotation_documents_id" integer, "linguistic_types_id" integer) [0m
D, [2012-01-24T21:01:38.798023 #1036] DEBUG -- :   [1m[35m (0.0ms)[0m  CREATE TABLE "annotation_documents_to_locales" ("id" INTEGER PRIMARY KEY AUTOINCREMENT NOT NULL, "annotation_documents_id" integer, "locales_id" integer) 
D, [2012-01-24T21:01:38.800024 #1036] DEBUG -- :   [1m[36m (0.0ms)[0m  [1mCREATE TABLE "annotation_documents_to_constraints" ("id" INTEGER PRIMARY KEY AUTOINCREMENT NOT NULL, "annotation_documents_id" integer, "contraints_id" integer) [0m
D, [2012-01-24T21:01:38.802024 #1036] DEBUG -- :   [1m[35m (0.0ms)[0m  CREATE TABLE "annotation_documents_to_controlled_vocabularies" ("id" INTEGER PRIMARY KEY AUTOINCREMENT NOT NULL, "annotation_documents_id" integer, "controlled_vocabularies_id" integer) 
D, [2012-01-24T21:01:38.804024 #1036] DEBUG -- :   [1m[36m (0.0ms)[0m  [1mCREATE TABLE "annotation_documents_to_lexicon_refs" ("id" INTEGER PRIMARY KEY AUTOINCREMENT NOT NULL, "annotation_documents_id" integer, "lexicon_refs_id" integer) [0m
D, [2012-01-24T21:01:38.814024 #1036] DEBUG -- :   [1m[35m (0.0ms)[0m  CREATE TABLE "annotation_documents_to_external_refs" ("id" INTEGER PRIMARY KEY AUTOINCREMENT NOT NULL, "annotation_documents_id" integer, "external_refs_id" integer) 
D, [2012-01-24T21:01:38.816025 #1036] DEBUG -- :   [1m[36m (1.0ms)[0m  [1mINSERT INTO "schema_migrations" ("version") VALUES ('1')[0m
D, [2012-01-25T20:06:57.561034 #2392] DEBUG -- :   [1m[36m (0.0ms)[0m  [1mselect sqlite_version(*)[0m
D, [2012-01-25T20:06:57.758045 #2392] DEBUG -- :   [1m[35m (196.0ms)[0m  CREATE TABLE "schema_migrations" ("version" varchar(255) NOT NULL) 
D, [2012-01-25T20:06:57.758045 #2392] DEBUG -- :   [1m[36m (0.0ms)[0m  [1mPRAGMA index_list("schema_migrations")[0m
D, [2012-01-25T20:06:57.899053 #2392] DEBUG -- :   [1m[35m (141.0ms)[0m  CREATE UNIQUE INDEX "unique_schema_migrations" ON "schema_migrations" ("version")
D, [2012-01-25T20:06:57.904053 #2392] DEBUG -- :   [1m[36m (0.0ms)[0m  [1mSELECT "schema_migrations"."version" FROM "schema_migrations" [0m
I, [2012-01-25T20:06:57.904053 #2392]  INFO -- : Migrating to ElanParser (1)
D, [2012-01-25T20:06:57.959057 #2392] DEBUG -- :   [1m[35m (1.0ms)[0m  CREATE TABLE "elan_parser_documents" ("id" INTEGER PRIMARY KEY AUTOINCREMENT NOT NULL, "created_at" datetime, "updated_at" datetime, "file_name" varchar(255) NOT NULL, "projects_id" integer) 
D, [2012-01-25T20:06:57.962057 #2392] DEBUG -- :   [1m[36m (1.0ms)[0m  [1mCREATE TABLE "elan_parser_projects" ("id" INTEGER PRIMARY KEY AUTOINCREMENT NOT NULL, "created_at" datetime, "updated_at" datetime, "project_name" varchar(255) NOT NULL, "description" text NOT NULL) [0m
D, [2012-01-25T20:06:57.964057 #2392] DEBUG -- :   [1m[35m (0.0ms)[0m  CREATE TABLE "elan_parser_media_descriptors" ("id" INTEGER PRIMARY KEY AUTOINCREMENT NOT NULL, "media_url" varchar(255) NOT NULL, "relative_media_url" varchar(255) NOT NULL, "mime_type" varchar(255) NOT NULL, "time_origin" varchar(255) NOT NULL, "extracted_from" varchar(255)) 
D, [2012-01-25T20:06:57.966057 #2392] DEBUG -- :   [1m[36m (0.0ms)[0m  [1mCREATE TABLE "elan_parser_properties" ("id" INTEGER PRIMARY KEY AUTOINCREMENT NOT NULL, "name" varchar(255) NOT NULL, "value" varchar(255) NOT NULL) [0m
D, [2012-01-25T20:06:57.969057 #2392] DEBUG -- :   [1m[35m (0.0ms)[0m  CREATE TABLE "elan_parser_linked_file_descriptors" ("id" INTEGER PRIMARY KEY AUTOINCREMENT NOT NULL, "link_url" varchar(255), "relative_link_url" varchar(255), "mime_type" varchar(255), "time_origin" integer, "associated_with" varchar(255)) 
D, [2012-01-25T20:06:57.971057 #2392] DEBUG -- :   [1m[36m (0.0ms)[0m  [1mCREATE TABLE "elan_parser_headers" ("id" INTEGER PRIMARY KEY AUTOINCREMENT NOT NULL, "media_file" varchar(255), "time_units" varchar(255) NOT NULL) [0m
D, [2012-01-25T20:06:57.973057 #2392] DEBUG -- :   [1m[35m (0.0ms)[0m  CREATE TABLE "elan_parser_headers_to_media_descriptors" ("id" INTEGER PRIMARY KEY AUTOINCREMENT NOT NULL, "headers_id" integer, "media_descriptors_id" integer) 
D, [2012-01-25T20:06:57.975057 #2392] DEBUG -- :   [1m[36m (0.0ms)[0m  [1mCREATE TABLE "elan_parser_headers_to_linked_file_descriptors" ("id" INTEGER PRIMARY KEY AUTOINCREMENT NOT NULL, "headers_id" integer, "linked_file_descriptors_id" integer) [0m
D, [2012-01-25T20:06:57.977058 #2392] DEBUG -- :   [1m[35m (0.0ms)[0m  CREATE TABLE "elan_parser_headers_to_properties" ("id" INTEGER PRIMARY KEY AUTOINCREMENT NOT NULL, "headers_id" integer, "linked_file_descriptors_id" integer) 
D, [2012-01-25T20:06:57.979058 #2392] DEBUG -- :   [1m[36m (0.0ms)[0m  [1mCREATE TABLE "elan_parser_time_slots" ("id" INTEGER PRIMARY KEY AUTOINCREMENT NOT NULL, "time_value" integer NOT NULL) [0m
D, [2012-01-25T20:06:57.981058 #2392] DEBUG -- :   [1m[35m (0.0ms)[0m  CREATE TABLE "elan_parser_time_orders" ("id" INTEGER PRIMARY KEY AUTOINCREMENT NOT NULL, "time_slots_id" integer) 
D, [2012-01-25T20:06:57.983058 #2392] DEBUG -- :   [1m[36m (0.0ms)[0m  [1mCREATE TABLE "elan_parser_reference_annotations" ("id" INTEGER PRIMARY KEY AUTOINCREMENT NOT NULL, "ext_ref" varchar(255), "annotation_ref" varchar(255), "previous_annotation" varchar(255), "annotation_value" varchar(255)) [0m
D, [2012-01-25T20:06:57.985058 #2392] DEBUG -- :   [1m[35m (0.0ms)[0m  CREATE TABLE "elan_parser_alignable_annotations" ("id" INTEGER PRIMARY KEY AUTOINCREMENT NOT NULL, "svg_ref" varchar(255), "ext_ref" varchar(255), "annotation_value" varchar(255)) 
D, [2012-01-25T20:06:57.987058 #2392] DEBUG -- :   [1m[36m (0.0ms)[0m  [1mCREATE TABLE "elan_parser_alignable_annotations_to_time_slots" ("id" INTEGER PRIMARY KEY AUTOINCREMENT NOT NULL, "alignable_annotations_id" integer, "time_slot_ref1" integer NOT NULL, "time_slot_ref2" integer NOT NULL) [0m
D, [2012-01-25T20:06:57.989058 #2392] DEBUG -- :   [1m[35m (0.0ms)[0m  CREATE TABLE "elan_parser_annotations" ("id" INTEGER PRIMARY KEY AUTOINCREMENT NOT NULL, "alignable_annotations_id" integer, "ref_annotations_id" integer) 
D, [2012-01-25T20:06:57.991058 #2392] DEBUG -- :   [1m[36m (0.0ms)[0m  [1mCREATE TABLE "elan_parser_tiers" ("id" INTEGER PRIMARY KEY AUTOINCREMENT NOT NULL, "participant" varchar(255), "annotator" varchar(255), "linguistic_type_ref" varchar(255) NOT NULL, "default_locale" varchar(255) NOT NULL, "parent_ref" varchar(255), "tier_id" varchar(255) NOT NULL) [0m
D, [2012-01-25T20:06:57.993059 #2392] DEBUG -- :   [1m[35m (0.0ms)[0m  CREATE TABLE "elan_parser_tiers_to_annotations" ("id" INTEGER PRIMARY KEY AUTOINCREMENT NOT NULL, "tiers_id" integer, "annotations_id" integer) 
D, [2012-01-25T20:06:57.996059 #2392] DEBUG -- :   [1m[36m (1.0ms)[0m  [1mCREATE TABLE "elan_parser_linguistic_types" ("id" INTEGER PRIMARY KEY AUTOINCREMENT NOT NULL, "linguistic_type_id" varchar(255), "time_alignable" boolean, "constraints" varchar(255), "graphic_references" boolean, "controlled_vocabulary_ref" varchar(255), "ext_ref" varchar(255), "lexicon_ref" varchar(255)) [0m
D, [2012-01-25T20:06:57.998059 #2392] DEBUG -- :   [1m[35m (1.0ms)[0m  CREATE TABLE "elan_parser_locales" ("id" INTEGER PRIMARY KEY AUTOINCREMENT NOT NULL, "language_code" varchar(255), "country_code" varchar(255), "variant" varchar(255)) 
D, [2012-01-25T20:06:58.000059 #2392] DEBUG -- :   [1m[36m (1.0ms)[0m  [1mCREATE TABLE "elan_parser_constraints" ("id" INTEGER PRIMARY KEY AUTOINCREMENT NOT NULL, "stereotype" varchar(255), "description" varchar(255)) [0m
D, [2012-01-25T20:06:58.002059 #2392] DEBUG -- :   [1m[35m (0.0ms)[0m  CREATE TABLE "elan_parser_cv_entries" ("id" INTEGER PRIMARY KEY AUTOINCREMENT NOT NULL, "description" varchar(255), "ext_ref" varchar(255)) 
D, [2012-01-25T20:06:58.004059 #2392] DEBUG -- :   [1m[36m (0.0ms)[0m  [1mCREATE TABLE "elan_parser_controlled_vocabularies" ("id" INTEGER PRIMARY KEY AUTOINCREMENT NOT NULL, "cv_id" varchar(255) NOT NULL, "description" varchar(255) NOT NULL, "ext_ref" varchar(255)) [0m
D, [2012-01-25T20:06:58.006059 #2392] DEBUG -- :   [1m[35m (1.0ms)[0m  CREATE TABLE "elan_parser_controlled_vocabularies_to_cv_entries" ("id" INTEGER PRIMARY KEY AUTOINCREMENT NOT NULL, "controlled_vocabularies_id" integer, "cv_entries_id" integer) 
D, [2012-01-25T20:06:58.008059 #2392] DEBUG -- :   [1m[36m (0.0ms)[0m  [1mCREATE TABLE "elan_parser_lexicon_references" ("id" INTEGER PRIMARY KEY AUTOINCREMENT NOT NULL, "lex_ref_id" varchar(255) NOT NULL, "name" varchar(255) NOT NULL, "type" varchar(255) NOT NULL, "url" varchar(255), "lexicon_id" varchar(255) NOT NULL, "lexicon_name" varchar(255) NOT NULL, "datcat_id" varchar(255) NOT NULL, "datcat_name" varchar(255) NOT NULL) [0m
D, [2012-01-25T20:06:58.011060 #2392] DEBUG -- :   [1m[35m (0.0ms)[0m  CREATE TABLE "elan_parser_external_references" ("id" INTEGER PRIMARY KEY AUTOINCREMENT NOT NULL, "ext_ref_id" varchar(255) NOT NULL, "type" varchar(255) NOT NULL, "value" varchar(255) NOT NULL, "iso12620" varchar(255), "ecv" varchar(255), "cve_id" varchar(255), "lexen_id" varchar(255), "resource_url" varchar(255)) 
D, [2012-01-25T20:06:58.013060 #2392] DEBUG -- :   [1m[36m (0.0ms)[0m  [1mCREATE TABLE "elan_parser_annotation_documents" ("id" INTEGER PRIMARY KEY AUTOINCREMENT NOT NULL, "author" varchar(255) NOT NULL, "date" datetime NOT NULL, "format" varchar(255), "version" varchar(255), "headers_id" integer, "time_orders_id" integer) [0m
D, [2012-01-25T20:06:58.015060 #2392] DEBUG -- :   [1m[35m (0.0ms)[0m  CREATE TABLE "elan_parser_annotation_documents_to_tiers" ("id" INTEGER PRIMARY KEY AUTOINCREMENT NOT NULL, "annotation_documents_id" integer, "tiers_id" integer) 
D, [2012-01-25T20:06:58.024060 #2392] DEBUG -- :   [1m[36m (0.0ms)[0m  [1mCREATE TABLE "elan_parser_annotation_documents_to_linguistic_types" ("id" INTEGER PRIMARY KEY AUTOINCREMENT NOT NULL, "annotation_documents_id" integer, "linguistic_types_id" integer) [0m
D, [2012-01-25T20:06:58.028061 #2392] DEBUG -- :   [1m[35m (0.0ms)[0m  CREATE TABLE "elan_parser_annotation_documents_to_locales" ("id" INTEGER PRIMARY KEY AUTOINCREMENT NOT NULL, "annotation_documents_id" integer, "locales_id" integer) 
D, [2012-01-25T20:06:58.032061 #2392] DEBUG -- :   [1m[36m (0.0ms)[0m  [1mCREATE TABLE "elan_parser_annotation_documents_to_constraints" ("id" INTEGER PRIMARY KEY AUTOINCREMENT NOT NULL, "annotation_documents_id" integer, "contraints_id" integer) [0m
D, [2012-01-25T20:06:58.035061 #2392] DEBUG -- :   [1m[35m (0.0ms)[0m  CREATE TABLE "elan_parser_annotation_documents_to_controlled_vocabularies" ("id" INTEGER PRIMARY KEY AUTOINCREMENT NOT NULL, "annotation_documents_id" integer, "controlled_vocabularies_id" integer) 
D, [2012-01-25T20:06:58.039061 #2392] DEBUG -- :   [1m[36m (1.0ms)[0m  [1mCREATE TABLE "elan_parser_annotation_documents_to_lexicon_refs" ("id" INTEGER PRIMARY KEY AUTOINCREMENT NOT NULL, "annotation_documents_id" integer, "lexicon_refs_id" integer) [0m
D, [2012-01-25T20:06:58.054062 #2392] DEBUG -- :   [1m[35m (12.0ms)[0m  CREATE TABLE "elan_parser_annotation_documents_to_external_refs" ("id" INTEGER PRIMARY KEY AUTOINCREMENT NOT NULL, "annotation_documents_id" integer, "external_refs_id" integer) 
D, [2012-01-25T20:06:58.057062 #2392] DEBUG -- :   [1m[36m (1.0ms)[0m  [1mINSERT INTO "schema_migrations" ("version") VALUES ('1')[0m
D, [2012-01-25T20:55:16.576848 #6076] DEBUG -- :   [1m[36m (0.0ms)[0m  [1mselect sqlite_version(*)[0m
D, [2012-01-25T20:55:16.698855 #6076] DEBUG -- :   [1m[35m (122.0ms)[0m  CREATE TABLE "schema_migrations" ("version" varchar(255) NOT NULL) 
D, [2012-01-25T20:55:16.699855 #6076] DEBUG -- :   [1m[36m (0.0ms)[0m  [1mPRAGMA index_list("schema_migrations")[0m
D, [2012-01-25T20:55:16.840863 #6076] DEBUG -- :   [1m[35m (141.0ms)[0m  CREATE UNIQUE INDEX "unique_schema_migrations" ON "schema_migrations" ("version")
D, [2012-01-25T20:55:16.844863 #6076] DEBUG -- :   [1m[36m (0.0ms)[0m  [1mSELECT "schema_migrations"."version" FROM "schema_migrations" [0m
I, [2012-01-25T20:55:16.845863 #6076]  INFO -- : Migrating to ElanParser (1)
D, [2012-01-25T20:55:57.623196 #3028] DEBUG -- :   [1m[36m (0.0ms)[0m  [1mSELECT "schema_migrations"."version" FROM "schema_migrations" [0m
I, [2012-01-25T20:55:57.623196 #3028]  INFO -- : Migrating to ElanParser (1)
D, [2012-01-25T20:55:57.623196 #3028] DEBUG -- :   [1m[35m (0.0ms)[0m  select sqlite_version(*)
D, [2012-01-25T20:55:57.640197 #3028] DEBUG -- :   [1m[36m (1.0ms)[0m  [1mCREATE TABLE "elan_parser_documents" ("id" INTEGER PRIMARY KEY AUTOINCREMENT NOT NULL, "created_at" datetime, "updated_at" datetime, "file_name" varchar(255) NOT NULL, "projects_id" integer) [0m
D, [2012-01-25T20:55:57.642197 #3028] DEBUG -- :   [1m[35m (0.0ms)[0m  CREATE TABLE "elan_parser_projects" ("id" INTEGER PRIMARY KEY AUTOINCREMENT NOT NULL, "created_at" datetime, "updated_at" datetime, "project_name" varchar(255) NOT NULL, "description" text NOT NULL) 
D, [2012-01-25T20:55:57.643197 #3028] DEBUG -- :   [1m[36m (0.0ms)[0m  [1mCREATE TABLE "elan_parser_media_descriptors" ("id" INTEGER PRIMARY KEY AUTOINCREMENT NOT NULL, "media_url" varchar(255) NOT NULL, "relative_media_url" varchar(255) NOT NULL, "mime_type" varchar(255) NOT NULL, "time_origin" varchar(255) NOT NULL, "extracted_from" varchar(255)) [0m
D, [2012-01-25T20:55:57.644197 #3028] DEBUG -- :   [1m[35m (0.0ms)[0m  CREATE TABLE "elan_parser_properties" ("id" INTEGER PRIMARY KEY AUTOINCREMENT NOT NULL, "name" varchar(255) NOT NULL, "value" varchar(255) NOT NULL) 
D, [2012-01-25T20:55:57.645197 #3028] DEBUG -- :   [1m[36m (0.0ms)[0m  [1mCREATE TABLE "elan_parser_linked_file_descriptors" ("id" INTEGER PRIMARY KEY AUTOINCREMENT NOT NULL, "link_url" varchar(255), "relative_link_url" varchar(255), "mime_type" varchar(255), "time_origin" integer, "associated_with" varchar(255)) [0m
D, [2012-01-25T20:55:57.646197 #3028] DEBUG -- :   [1m[35m (0.0ms)[0m  CREATE TABLE "elan_parser_headers" ("id" INTEGER PRIMARY KEY AUTOINCREMENT NOT NULL, "media_file" varchar(255), "time_units" varchar(255) NOT NULL) 
D, [2012-01-25T20:55:57.647197 #3028] DEBUG -- :   [1m[36m (0.0ms)[0m  [1mCREATE TABLE "elan_parser_headers_to_media_descriptors" ("id" INTEGER PRIMARY KEY AUTOINCREMENT NOT NULL, "headers_id" integer, "media_descriptors_id" integer) [0m
D, [2012-01-25T20:55:57.648197 #3028] DEBUG -- :   [1m[35m (0.0ms)[0m  CREATE TABLE "elan_parser_headers_to_linked_file_descriptors" ("id" INTEGER PRIMARY KEY AUTOINCREMENT NOT NULL, "headers_id" integer, "linked_file_descriptors_id" integer) 
D, [2012-01-25T20:55:57.649197 #3028] DEBUG -- :   [1m[36m (0.0ms)[0m  [1mCREATE TABLE "elan_parser_headers_to_properties" ("id" INTEGER PRIMARY KEY AUTOINCREMENT NOT NULL, "headers_id" integer, "linked_file_descriptors_id" integer) [0m
D, [2012-01-25T20:55:57.650197 #3028] DEBUG -- :   [1m[35m (0.0ms)[0m  CREATE TABLE "elan_parser_time_slots" ("id" INTEGER PRIMARY KEY AUTOINCREMENT NOT NULL, "time_value" integer NOT NULL) 
D, [2012-01-25T20:55:57.651197 #3028] DEBUG -- :   [1m[36m (0.0ms)[0m  [1mCREATE TABLE "elan_parser_time_orders" ("id" INTEGER PRIMARY KEY AUTOINCREMENT NOT NULL, "time_slots_id" integer) [0m
D, [2012-01-25T20:55:57.652197 #3028] DEBUG -- :   [1m[35m (0.0ms)[0m  CREATE TABLE "elan_parser_reference_annotations" ("id" INTEGER PRIMARY KEY AUTOINCREMENT NOT NULL, "ext_ref" varchar(255), "annotation_ref" varchar(255), "previous_annotation" varchar(255), "annotation_value" varchar(255)) 
D, [2012-01-25T20:55:57.653197 #3028] DEBUG -- :   [1m[36m (0.0ms)[0m  [1mCREATE TABLE "elan_parser_alignable_annotations" ("id" INTEGER PRIMARY KEY AUTOINCREMENT NOT NULL, "svg_ref" varchar(255), "ext_ref" varchar(255), "annotation_value" varchar(255)) [0m
D, [2012-01-25T20:55:57.654198 #3028] DEBUG -- :   [1m[35m (0.0ms)[0m  CREATE TABLE "elan_parser_alignable_annotations_to_time_slots" ("id" INTEGER PRIMARY KEY AUTOINCREMENT NOT NULL, "alignable_annotations_id" integer, "time_slot_ref1" integer NOT NULL, "time_slot_ref2" integer NOT NULL) 
D, [2012-01-25T20:55:57.655198 #3028] DEBUG -- :   [1m[36m (0.0ms)[0m  [1mCREATE TABLE "elan_parser_annotations" ("id" INTEGER PRIMARY KEY AUTOINCREMENT NOT NULL, "alignable_annotations_id" integer, "ref_annotations_id" integer) [0m
D, [2012-01-25T20:55:57.656198 #3028] DEBUG -- :   [1m[35m (0.0ms)[0m  CREATE TABLE "elan_parser_tiers" ("id" INTEGER PRIMARY KEY AUTOINCREMENT NOT NULL, "participant" varchar(255), "annotator" varchar(255), "linguistic_type_ref" varchar(255) NOT NULL, "default_locale" varchar(255) NOT NULL, "parent_ref" varchar(255), "tier_id" varchar(255) NOT NULL) 
D, [2012-01-25T20:55:57.657198 #3028] DEBUG -- :   [1m[36m (1.0ms)[0m  [1mCREATE TABLE "elan_parser_tiers_to_annotations" ("id" INTEGER PRIMARY KEY AUTOINCREMENT NOT NULL, "tiers_id" integer, "annotations_id" integer) [0m
D, [2012-01-25T20:55:57.658198 #3028] DEBUG -- :   [1m[35m (0.0ms)[0m  CREATE TABLE "elan_parser_linguistic_types" ("id" INTEGER PRIMARY KEY AUTOINCREMENT NOT NULL, "linguistic_type_id" varchar(255), "time_alignable" boolean, "constraints" varchar(255), "graphic_references" boolean, "controlled_vocabulary_ref" varchar(255), "ext_ref" varchar(255), "lexicon_ref" varchar(255)) 
D, [2012-01-25T20:55:57.659198 #3028] DEBUG -- :   [1m[36m (0.0ms)[0m  [1mCREATE TABLE "elan_parser_locales" ("id" INTEGER PRIMARY KEY AUTOINCREMENT NOT NULL, "language_code" varchar(255), "country_code" varchar(255), "variant" varchar(255)) [0m
D, [2012-01-25T20:55:57.660198 #3028] DEBUG -- :   [1m[35m (1.0ms)[0m  CREATE TABLE "elan_parser_constraints" ("id" INTEGER PRIMARY KEY AUTOINCREMENT NOT NULL, "stereotype" varchar(255), "description" varchar(255)) 
D, [2012-01-25T20:55:57.660198 #3028] DEBUG -- :   [1m[36m (0.0ms)[0m  [1mCREATE TABLE "elan_parser_cv_entries" ("id" INTEGER PRIMARY KEY AUTOINCREMENT NOT NULL, "description" varchar(255), "ext_ref" varchar(255)) [0m
D, [2012-01-25T20:55:57.661198 #3028] DEBUG -- :   [1m[35m (0.0ms)[0m  CREATE TABLE "elan_parser_controlled_vocabularies" ("id" INTEGER PRIMARY KEY AUTOINCREMENT NOT NULL, "cv_id" varchar(255) NOT NULL, "description" varchar(255) NOT NULL, "ext_ref" varchar(255)) 
D, [2012-01-25T20:55:57.662198 #3028] DEBUG -- :   [1m[36m (0.0ms)[0m  [1mCREATE TABLE "elan_parser_controlled_vocabularies_to_cv_entries" ("id" INTEGER PRIMARY KEY AUTOINCREMENT NOT NULL, "controlled_vocabularies_id" integer, "cv_entries_id" integer) [0m
D, [2012-01-25T20:55:57.663198 #3028] DEBUG -- :   [1m[35m (0.0ms)[0m  CREATE TABLE "elan_parser_lexicon_references" ("id" INTEGER PRIMARY KEY AUTOINCREMENT NOT NULL, "lex_ref_id" varchar(255) NOT NULL, "name" varchar(255) NOT NULL, "type" varchar(255) NOT NULL, "url" varchar(255), "lexicon_id" varchar(255) NOT NULL, "lexicon_name" varchar(255) NOT NULL, "datcat_id" varchar(255) NOT NULL, "datcat_name" varchar(255) NOT NULL) 
D, [2012-01-25T20:55:57.665198 #3028] DEBUG -- :   [1m[36m (0.0ms)[0m  [1mCREATE TABLE "elan_parser_external_references" ("id" INTEGER PRIMARY KEY AUTOINCREMENT NOT NULL, "ext_ref_id" varchar(255) NOT NULL, "type" varchar(255) NOT NULL, "value" varchar(255) NOT NULL, "iso12620" varchar(255), "ecv" varchar(255), "cve_id" varchar(255), "lexen_id" varchar(255), "resource_url" varchar(255)) [0m
D, [2012-01-25T20:55:57.666198 #3028] DEBUG -- :   [1m[35m (0.0ms)[0m  CREATE TABLE "elan_parser_annotation_documents" ("id" INTEGER PRIMARY KEY AUTOINCREMENT NOT NULL, "author" varchar(255) NOT NULL, "date" datetime NOT NULL, "format" varchar(255), "version" varchar(255), "headers_id" integer, "time_orders_id" integer, "documents_id" integer) 
D, [2012-01-25T20:55:57.667198 #3028] DEBUG -- :   [1m[36m (0.0ms)[0m  [1mCREATE TABLE "elan_parser_annotation_documents_to_tiers" ("id" INTEGER PRIMARY KEY AUTOINCREMENT NOT NULL, "annotation_documents_id" integer, "tiers_id" integer) [0m
D, [2012-01-25T20:55:57.668198 #3028] DEBUG -- :   [1m[35m (0.0ms)[0m  CREATE TABLE "elan_parser_annotation_documents_to_linguistic_types" ("id" INTEGER PRIMARY KEY AUTOINCREMENT NOT NULL, "annotation_documents_id" integer, "linguistic_types_id" integer) 
D, [2012-01-25T20:55:57.670198 #3028] DEBUG -- :   [1m[36m (0.0ms)[0m  [1mCREATE TABLE "elan_parser_annotation_documents_to_locales" ("id" INTEGER PRIMARY KEY AUTOINCREMENT NOT NULL, "annotation_documents_id" integer, "locales_id" integer) [0m
D, [2012-01-25T20:55:57.673199 #3028] DEBUG -- :   [1m[35m (0.0ms)[0m  CREATE TABLE "elan_parser_annotation_documents_to_constraints" ("id" INTEGER PRIMARY KEY AUTOINCREMENT NOT NULL, "annotation_documents_id" integer, "contraints_id" integer) 
D, [2012-01-25T20:55:57.676199 #3028] DEBUG -- :   [1m[36m (1.0ms)[0m  [1mCREATE TABLE "elan_parser_annotation_documents_to_controlled_vocabularies" ("id" INTEGER PRIMARY KEY AUTOINCREMENT NOT NULL, "annotation_documents_id" integer, "controlled_vocabularies_id" integer) [0m
D, [2012-01-25T20:55:57.678199 #3028] DEBUG -- :   [1m[35m (0.0ms)[0m  CREATE TABLE "elan_parser_annotation_documents_to_lexicon_refs" ("id" INTEGER PRIMARY KEY AUTOINCREMENT NOT NULL, "annotation_documents_id" integer, "lexicon_refs_id" integer) 
D, [2012-01-25T20:55:57.680199 #3028] DEBUG -- :   [1m[36m (0.0ms)[0m  [1mCREATE TABLE "elan_parser_annotation_documents_to_external_refs" ("id" INTEGER PRIMARY KEY AUTOINCREMENT NOT NULL, "annotation_documents_id" integer, "external_refs_id" integer) [0m
D, [2012-01-25T20:55:57.682199 #3028] DEBUG -- :   [1m[35m (0.0ms)[0m  INSERT INTO "schema_migrations" ("version") VALUES ('1')
D, [2012-01-26T09:46:25.882603 #4676] DEBUG -- :   [1m[36m (0.0ms)[0m  [1mselect sqlite_version(*)[0m
D, [2012-01-26T09:46:26.052613 #4676] DEBUG -- :   [1m[35m (170.0ms)[0m  CREATE TABLE "schema_migrations" ("version" varchar(255) NOT NULL) 
D, [2012-01-26T09:46:26.052613 #4676] DEBUG -- :   [1m[36m (0.0ms)[0m  [1mPRAGMA index_list("schema_migrations")[0m
D, [2012-01-26T09:46:26.185620 #4676] DEBUG -- :   [1m[35m (132.0ms)[0m  CREATE UNIQUE INDEX "unique_schema_migrations" ON "schema_migrations" ("version")
D, [2012-01-26T09:46:26.188620 #4676] DEBUG -- :   [1m[36m (0.0ms)[0m  [1mSELECT "schema_migrations"."version" FROM "schema_migrations" [0m
I, [2012-01-26T09:46:26.188620 #4676]  INFO -- : Migrating to ElanParser (1)
D, [2012-01-26T09:46:26.213622 #4676] DEBUG -- :   [1m[35m (1.0ms)[0m  CREATE TABLE "elan_parser_documents" ("id" INTEGER PRIMARY KEY AUTOINCREMENT NOT NULL, "created_at" datetime, "updated_at" datetime, "file_name" varchar(255) NOT NULL, "projects_id" integer) 
D, [2012-01-26T09:46:26.215622 #4676] DEBUG -- :   [1m[36m (0.0ms)[0m  [1mCREATE TABLE "elan_parser_projects" ("id" INTEGER PRIMARY KEY AUTOINCREMENT NOT NULL, "created_at" datetime, "updated_at" datetime, "project_name" varchar(255) NOT NULL, "description" text NOT NULL) [0m
D, [2012-01-26T09:46:26.217622 #4676] DEBUG -- :   [1m[35m (0.0ms)[0m  CREATE TABLE "elan_parser_media_descriptors" ("id" INTEGER PRIMARY KEY AUTOINCREMENT NOT NULL, "media_url" varchar(255) NOT NULL, "relative_media_url" varchar(255) NOT NULL, "mime_type" varchar(255) NOT NULL, "time_origin" varchar(255) NOT NULL, "extracted_from" varchar(255)) 
D, [2012-01-26T09:46:26.219622 #4676] DEBUG -- :   [1m[36m (0.0ms)[0m  [1mCREATE TABLE "elan_parser_properties" ("id" INTEGER PRIMARY KEY AUTOINCREMENT NOT NULL, "name" varchar(255) NOT NULL, "value" varchar(255) NOT NULL) [0m
D, [2012-01-26T09:46:26.221622 #4676] DEBUG -- :   [1m[35m (0.0ms)[0m  CREATE TABLE "elan_parser_linked_file_descriptors" ("id" INTEGER PRIMARY KEY AUTOINCREMENT NOT NULL, "link_url" varchar(255), "relative_link_url" varchar(255), "mime_type" varchar(255), "time_origin" integer, "associated_with" varchar(255)) 
D, [2012-01-26T09:46:26.223622 #4676] DEBUG -- :   [1m[36m (0.0ms)[0m  [1mCREATE TABLE "elan_parser_headers" ("id" INTEGER PRIMARY KEY AUTOINCREMENT NOT NULL, "media_file" varchar(255), "time_units" varchar(255) NOT NULL) [0m
D, [2012-01-26T09:46:26.225622 #4676] DEBUG -- :   [1m[35m (0.0ms)[0m  CREATE TABLE "elan_parser_headers_media_descriptors" ("id" INTEGER PRIMARY KEY AUTOINCREMENT NOT NULL, "headers_id" integer, "media_descriptors_id" integer) 
D, [2012-01-26T09:46:26.226623 #4676] DEBUG -- :   [1m[36m (0.0ms)[0m  [1mCREATE TABLE "elan_parser_headers_linked_file_descriptors" ("id" INTEGER PRIMARY KEY AUTOINCREMENT NOT NULL, "headers_id" integer, "linked_file_descriptors_id" integer) [0m
D, [2012-01-26T09:46:26.228623 #4676] DEBUG -- :   [1m[35m (1.0ms)[0m  CREATE TABLE "elan_parser_headers_properties" ("id" INTEGER PRIMARY KEY AUTOINCREMENT NOT NULL, "headers_id" integer, "linked_file_descriptors_id" integer) 
D, [2012-01-26T09:46:26.229623 #4676] DEBUG -- :   [1m[36m (0.0ms)[0m  [1mCREATE TABLE "elan_parser_time_slots" ("id" INTEGER PRIMARY KEY AUTOINCREMENT NOT NULL, "time_value" integer NOT NULL) [0m
D, [2012-01-26T09:46:26.230623 #4676] DEBUG -- :   [1m[35m (0.0ms)[0m  CREATE TABLE "elan_parser_time_orders" ("id" INTEGER PRIMARY KEY AUTOINCREMENT NOT NULL, "time_slots_id" integer) 
D, [2012-01-26T09:46:26.232623 #4676] DEBUG -- :   [1m[36m (0.0ms)[0m  [1mCREATE TABLE "elan_parser_reference_annotations" ("id" INTEGER PRIMARY KEY AUTOINCREMENT NOT NULL, "ext_ref" varchar(255), "annotation_ref" varchar(255), "previous_annotation" varchar(255), "annotation_value" varchar(255)) [0m
D, [2012-01-26T09:46:26.233623 #4676] DEBUG -- :   [1m[35m (0.0ms)[0m  CREATE TABLE "elan_parser_alignable_annotations" ("id" INTEGER PRIMARY KEY AUTOINCREMENT NOT NULL, "svg_ref" varchar(255), "ext_ref" varchar(255), "annotation_value" varchar(255)) 
D, [2012-01-26T09:46:26.234623 #4676] DEBUG -- :   [1m[36m (0.0ms)[0m  [1mCREATE TABLE "elan_parser_alignable_annotations_time_slots" ("id" INTEGER PRIMARY KEY AUTOINCREMENT NOT NULL, "alignable_annotations_id" integer, "time_slot_ref1" integer NOT NULL, "time_slot_ref2" integer NOT NULL) [0m
D, [2012-01-26T09:46:26.235623 #4676] DEBUG -- :   [1m[35m (0.0ms)[0m  CREATE TABLE "elan_parser_annotations" ("id" INTEGER PRIMARY KEY AUTOINCREMENT NOT NULL, "alignable_annotations_id" integer, "ref_annotations_id" integer) 
D, [2012-01-26T09:46:26.237623 #4676] DEBUG -- :   [1m[36m (0.0ms)[0m  [1mCREATE TABLE "elan_parser_tiers" ("id" INTEGER PRIMARY KEY AUTOINCREMENT NOT NULL, "participant" varchar(255), "annotator" varchar(255), "linguistic_type_ref" varchar(255) NOT NULL, "default_locale" varchar(255) NOT NULL, "parent_ref" varchar(255), "tier_id" varchar(255) NOT NULL) [0m
D, [2012-01-26T09:46:26.238623 #4676] DEBUG -- :   [1m[35m (0.0ms)[0m  CREATE TABLE "elan_parser_annotations_tiers" ("id" INTEGER PRIMARY KEY AUTOINCREMENT NOT NULL, "tiers_id" integer, "annotations_id" integer) 
D, [2012-01-26T09:46:26.240623 #4676] DEBUG -- :   [1m[36m (1.0ms)[0m  [1mCREATE TABLE "elan_parser_linguistic_types" ("id" INTEGER PRIMARY KEY AUTOINCREMENT NOT NULL, "linguistic_type_id" varchar(255), "time_alignable" boolean, "constraints" varchar(255), "graphic_references" boolean, "controlled_vocabulary_ref" varchar(255), "ext_ref" varchar(255), "lexicon_ref" varchar(255)) [0m
D, [2012-01-26T09:46:26.241623 #4676] DEBUG -- :   [1m[35m (0.0ms)[0m  CREATE TABLE "elan_parser_locales" ("id" INTEGER PRIMARY KEY AUTOINCREMENT NOT NULL, "language_code" varchar(255), "country_code" varchar(255), "variant" varchar(255)) 
D, [2012-01-26T09:46:26.243623 #4676] DEBUG -- :   [1m[36m (1.0ms)[0m  [1mCREATE TABLE "elan_parser_constraints" ("id" INTEGER PRIMARY KEY AUTOINCREMENT NOT NULL, "stereotype" varchar(255), "description" varchar(255)) [0m
D, [2012-01-26T09:46:26.245624 #4676] DEBUG -- :   [1m[35m (0.0ms)[0m  CREATE TABLE "elan_parser_cv_entries" ("id" INTEGER PRIMARY KEY AUTOINCREMENT NOT NULL, "description" varchar(255), "ext_ref" varchar(255)) 
D, [2012-01-26T09:46:26.247624 #4676] DEBUG -- :   [1m[36m (0.0ms)[0m  [1mCREATE TABLE "elan_parser_controlled_vocabularies" ("id" INTEGER PRIMARY KEY AUTOINCREMENT NOT NULL, "cv_id" varchar(255) NOT NULL, "description" varchar(255) NOT NULL, "ext_ref" varchar(255)) [0m
D, [2012-01-26T09:46:26.249624 #4676] DEBUG -- :   [1m[35m (1.0ms)[0m  CREATE TABLE "elan_parser_controlled_cv_entries_vocabularies" ("id" INTEGER PRIMARY KEY AUTOINCREMENT NOT NULL, "controlled_vocabularies_id" integer, "cv_entries_id" integer) 
D, [2012-01-26T09:46:26.251624 #4676] DEBUG -- :   [1m[36m (0.0ms)[0m  [1mCREATE TABLE "elan_parser_lexicon_references" ("id" INTEGER PRIMARY KEY AUTOINCREMENT NOT NULL, "lex_ref_id" varchar(255) NOT NULL, "name" varchar(255) NOT NULL, "type" varchar(255) NOT NULL, "url" varchar(255), "lexicon_id" varchar(255) NOT NULL, "lexicon_name" varchar(255) NOT NULL, "datcat_id" varchar(255) NOT NULL, "datcat_name" varchar(255) NOT NULL) [0m
D, [2012-01-26T09:46:26.253624 #4676] DEBUG -- :   [1m[35m (0.0ms)[0m  CREATE TABLE "elan_parser_external_references" ("id" INTEGER PRIMARY KEY AUTOINCREMENT NOT NULL, "ext_ref_id" varchar(255) NOT NULL, "type" varchar(255) NOT NULL, "value" varchar(255) NOT NULL, "iso12620" varchar(255), "ecv" varchar(255), "cve_id" varchar(255), "lexen_id" varchar(255), "resource_url" varchar(255)) 
D, [2012-01-26T09:46:26.255624 #4676] DEBUG -- :   [1m[36m (0.0ms)[0m  [1mCREATE TABLE "elan_parser_annotation_documents" ("id" INTEGER PRIMARY KEY AUTOINCREMENT NOT NULL, "author" varchar(255) NOT NULL, "date" datetime NOT NULL, "format" varchar(255), "version" varchar(255), "headers_id" integer, "time_orders_id" integer, "documents_id" integer) [0m
D, [2012-01-26T09:46:26.257624 #4676] DEBUG -- :   [1m[35m (1.0ms)[0m  CREATE TABLE "elan_parser_annotation_documents_tiers" ("id" INTEGER PRIMARY KEY AUTOINCREMENT NOT NULL, "annotation_documents_id" integer, "tiers_id" integer) 
D, [2012-01-26T09:46:26.258624 #4676] DEBUG -- :   [1m[36m (0.0ms)[0m  [1mCREATE TABLE "elan_parser_annotation_documents_linguistic_types" ("id" INTEGER PRIMARY KEY AUTOINCREMENT NOT NULL, "annotation_documents_id" integer, "linguistic_types_id" integer) [0m
D, [2012-01-26T09:46:26.260624 #4676] DEBUG -- :   [1m[35m (0.0ms)[0m  CREATE TABLE "elan_parser_annotation_documents_locales" ("id" INTEGER PRIMARY KEY AUTOINCREMENT NOT NULL, "annotation_documents_id" integer, "locales_id" integer) 
D, [2012-01-26T09:46:26.264625 #4676] DEBUG -- :   [1m[36m (0.0ms)[0m  [1mCREATE TABLE "elan_parser_annotation_documents_constraints" ("id" INTEGER PRIMARY KEY AUTOINCREMENT NOT NULL, "annotation_documents_id" integer, "contraints_id" integer) [0m
D, [2012-01-26T09:46:26.267625 #4676] DEBUG -- :   [1m[35m (0.0ms)[0m  CREATE TABLE "elan_parser_annotation_controlled_vocabularies_documents" ("id" INTEGER PRIMARY KEY AUTOINCREMENT NOT NULL, "annotation_documents_id" integer, "controlled_vocabularies_id" integer) 
D, [2012-01-26T09:46:26.270625 #4676] DEBUG -- :   [1m[36m (0.0ms)[0m  [1mCREATE TABLE "elan_parser_annotation_documents_lexicon_refs" ("id" INTEGER PRIMARY KEY AUTOINCREMENT NOT NULL, "annotation_documents_id" integer, "lexicon_refs_id" integer) [0m
D, [2012-01-26T09:46:26.283626 #4676] DEBUG -- :   [1m[35m (0.0ms)[0m  CREATE TABLE "elan_parser_annotation_documents_external_refs" ("id" INTEGER PRIMARY KEY AUTOINCREMENT NOT NULL, "annotation_documents_id" integer, "external_refs_id" integer) 
D, [2012-01-26T09:46:26.288626 #4676] DEBUG -- :   [1m[36m (0.0ms)[0m  [1mINSERT INTO "schema_migrations" ("version") VALUES ('1')[0m
D, [2012-01-26T09:52:22.816018 #4120] DEBUG -- :   [1m[36m (0.0ms)[0m  [1mselect sqlite_version(*)[0m
D, [2012-01-26T09:52:23.026030 #4120] DEBUG -- :   [1m[35m (210.0ms)[0m  CREATE TABLE "schema_migrations" ("version" varchar(255) NOT NULL) 
D, [2012-01-26T09:52:23.026030 #4120] DEBUG -- :   [1m[36m (0.0ms)[0m  [1mPRAGMA index_list("schema_migrations")[0m
D, [2012-01-26T09:52:23.195040 #4120] DEBUG -- :   [1m[35m (168.0ms)[0m  CREATE UNIQUE INDEX "unique_schema_migrations" ON "schema_migrations" ("version")
D, [2012-01-26T09:52:23.200040 #4120] DEBUG -- :   [1m[36m (0.0ms)[0m  [1mSELECT "schema_migrations"."version" FROM "schema_migrations" [0m
I, [2012-01-26T09:52:23.200040 #4120]  INFO -- : Migrating to ElanParser (1)
D, [2012-01-26T09:52:23.260044 #4120] DEBUG -- :   [1m[35m (2.0ms)[0m  CREATE TABLE "elan_parser_documents" ("id" INTEGER PRIMARY KEY AUTOINCREMENT NOT NULL, "created_at" datetime, "updated_at" datetime, "file_name" varchar(255) NOT NULL, "projects_id" integer) 
D, [2012-01-26T09:52:23.263044 #4120] DEBUG -- :   [1m[36m (0.0ms)[0m  [1mCREATE TABLE "elan_parser_projects" ("id" INTEGER PRIMARY KEY AUTOINCREMENT NOT NULL, "created_at" datetime, "updated_at" datetime, "project_name" varchar(255) NOT NULL, "description" text NOT NULL) [0m
D, [2012-01-26T09:52:23.267044 #4120] DEBUG -- :   [1m[35m (0.0ms)[0m  CREATE TABLE "elan_parser_media_descriptors" ("id" INTEGER PRIMARY KEY AUTOINCREMENT NOT NULL, "media_url" varchar(255) NOT NULL, "relative_media_url" varchar(255) NOT NULL, "mime_type" varchar(255) NOT NULL, "time_origin" varchar(255) NOT NULL, "extracted_from" varchar(255)) 
D, [2012-01-26T09:52:23.271044 #4120] DEBUG -- :   [1m[36m (1.0ms)[0m  [1mCREATE TABLE "elan_parser_properties" ("id" INTEGER PRIMARY KEY AUTOINCREMENT NOT NULL, "name" varchar(255) NOT NULL, "value" varchar(255) NOT NULL) [0m
D, [2012-01-26T09:52:23.275045 #4120] DEBUG -- :   [1m[35m (1.0ms)[0m  CREATE TABLE "elan_parser_linked_file_descriptors" ("id" INTEGER PRIMARY KEY AUTOINCREMENT NOT NULL, "link_url" varchar(255), "relative_link_url" varchar(255), "mime_type" varchar(255), "time_origin" integer, "associated_with" varchar(255)) 
D, [2012-01-26T09:52:23.278045 #4120] DEBUG -- :   [1m[36m (0.0ms)[0m  [1mCREATE TABLE "elan_parser_headers" ("id" INTEGER PRIMARY KEY AUTOINCREMENT NOT NULL, "media_file" varchar(255), "time_units" varchar(255) NOT NULL) [0m
D, [2012-01-26T09:52:23.282045 #4120] DEBUG -- :   [1m[35m (1.0ms)[0m  CREATE TABLE "elan_parser_headers_media_descriptors" ("id" INTEGER PRIMARY KEY AUTOINCREMENT NOT NULL, "headers_id" integer, "media_descriptors_id" integer) 
D, [2012-01-26T09:52:23.288045 #4120] DEBUG -- :   [1m[36m (1.0ms)[0m  [1mCREATE TABLE "elan_parser_headers_linked_file_descriptors" ("id" INTEGER PRIMARY KEY AUTOINCREMENT NOT NULL, "headers_id" integer, "linked_file_descriptors_id" integer) [0m
D, [2012-01-26T09:52:23.290045 #4120] DEBUG -- :   [1m[35m (0.0ms)[0m  CREATE TABLE "elan_parser_headers_properties" ("id" INTEGER PRIMARY KEY AUTOINCREMENT NOT NULL, "headers_id" integer, "linked_file_descriptors_id" integer) 
D, [2012-01-26T09:52:23.293046 #4120] DEBUG -- :   [1m[36m (1.0ms)[0m  [1mCREATE TABLE "elan_parser_time_slots" ("id" INTEGER PRIMARY KEY AUTOINCREMENT NOT NULL, "time_value" integer NOT NULL) [0m
D, [2012-01-26T09:52:23.295046 #4120] DEBUG -- :   [1m[35m (0.0ms)[0m  CREATE TABLE "elan_parser_time_orders" ("id" INTEGER PRIMARY KEY AUTOINCREMENT NOT NULL, "time_slots_id" integer) 
D, [2012-01-26T09:52:23.298046 #4120] DEBUG -- :   [1m[36m (1.0ms)[0m  [1mCREATE TABLE "elan_parser_reference_annotations" ("id" INTEGER PRIMARY KEY AUTOINCREMENT NOT NULL, "ext_ref" varchar(255), "annotation_ref" varchar(255), "previous_annotation" varchar(255), "annotation_value" varchar(255)) [0m
D, [2012-01-26T09:52:23.300046 #4120] DEBUG -- :   [1m[35m (0.0ms)[0m  CREATE TABLE "elan_parser_alignable_annotations" ("id" INTEGER PRIMARY KEY AUTOINCREMENT NOT NULL, "svg_ref" varchar(255), "ext_ref" varchar(255), "annotation_value" varchar(255)) 
D, [2012-01-26T09:52:23.305046 #4120] DEBUG -- :   [1m[36m (1.0ms)[0m  [1mCREATE TABLE "elan_parser_alignable_annotations_time_slots" ("id" INTEGER PRIMARY KEY AUTOINCREMENT NOT NULL, "alignable_annotations_id" integer, "time_slot_ref1" integer NOT NULL, "time_slot_ref2" integer NOT NULL) [0m
D, [2012-01-26T09:52:23.308046 #4120] DEBUG -- :   [1m[35m (1.0ms)[0m  CREATE TABLE "elan_parser_annotations" ("id" INTEGER PRIMARY KEY AUTOINCREMENT NOT NULL, "alignable_annotations_id" integer, "ref_annotations_id" integer) 
D, [2012-01-26T09:52:23.311047 #4120] DEBUG -- :   [1m[36m (1.0ms)[0m  [1mCREATE TABLE "elan_parser_tiers" ("id" INTEGER PRIMARY KEY AUTOINCREMENT NOT NULL, "participant" varchar(255), "annotator" varchar(255), "linguistic_type_ref" varchar(255) NOT NULL, "default_locale" varchar(255) NOT NULL, "parent_ref" varchar(255), "tier_id" varchar(255) NOT NULL) [0m
D, [2012-01-26T09:52:23.313047 #4120] DEBUG -- :   [1m[35m (1.0ms)[0m  CREATE TABLE "elan_parser_annotations_tiers" ("id" INTEGER PRIMARY KEY AUTOINCREMENT NOT NULL, "tiers_id" integer, "annotations_id" integer) 
D, [2012-01-26T09:52:23.315047 #4120] DEBUG -- :   [1m[36m (0.0ms)[0m  [1mCREATE TABLE "elan_parser_linguistic_types" ("id" INTEGER PRIMARY KEY AUTOINCREMENT NOT NULL, "linguistic_type_id" varchar(255), "time_alignable" boolean, "constraints" varchar(255), "graphic_references" boolean, "controlled_vocabulary_ref" varchar(255), "ext_ref" varchar(255), "lexicon_ref" varchar(255)) [0m
D, [2012-01-26T09:52:23.318047 #4120] DEBUG -- :   [1m[35m (0.0ms)[0m  CREATE TABLE "elan_parser_locales" ("id" INTEGER PRIMARY KEY AUTOINCREMENT NOT NULL, "language_code" varchar(255), "country_code" varchar(255), "variant" varchar(255)) 
D, [2012-01-26T09:52:23.320047 #4120] DEBUG -- :   [1m[36m (0.0ms)[0m  [1mCREATE TABLE "elan_parser_constraints" ("id" INTEGER PRIMARY KEY AUTOINCREMENT NOT NULL, "stereotype" varchar(255), "description" varchar(255)) [0m
D, [2012-01-26T09:52:23.322047 #4120] DEBUG -- :   [1m[35m (0.0ms)[0m  CREATE TABLE "elan_parser_cv_entries" ("id" INTEGER PRIMARY KEY AUTOINCREMENT NOT NULL, "description" varchar(255), "ext_ref" varchar(255)) 
D, [2012-01-26T09:52:23.324047 #4120] DEBUG -- :   [1m[36m (1.0ms)[0m  [1mCREATE TABLE "elan_parser_controlled_vocabularies" ("id" INTEGER PRIMARY KEY AUTOINCREMENT NOT NULL, "cv_id" varchar(255) NOT NULL, "description" varchar(255) NOT NULL, "ext_ref" varchar(255)) [0m
D, [2012-01-26T09:52:23.326047 #4120] DEBUG -- :   [1m[35m (0.0ms)[0m  CREATE TABLE "elan_parser_controlled_cv_entries_vocabularies" ("id" INTEGER PRIMARY KEY AUTOINCREMENT NOT NULL, "controlled_vocabularies_id" integer, "cv_entries_id" integer) 
D, [2012-01-26T09:52:23.329048 #4120] DEBUG -- :   [1m[36m (1.0ms)[0m  [1mCREATE TABLE "elan_parser_lexicon_references" ("id" INTEGER PRIMARY KEY AUTOINCREMENT NOT NULL, "lex_ref_id" varchar(255) NOT NULL, "name" varchar(255) NOT NULL, "type" varchar(255) NOT NULL, "url" varchar(255), "lexicon_id" varchar(255) NOT NULL, "lexicon_name" varchar(255) NOT NULL, "datcat_id" varchar(255) NOT NULL, "datcat_name" varchar(255) NOT NULL) [0m
D, [2012-01-26T09:52:23.333048 #4120] DEBUG -- :   [1m[35m (0.0ms)[0m  CREATE TABLE "elan_parser_external_references" ("id" INTEGER PRIMARY KEY AUTOINCREMENT NOT NULL, "ext_ref_id" varchar(255) NOT NULL, "type" varchar(255) NOT NULL, "value" varchar(255) NOT NULL, "iso12620" varchar(255), "ecv" varchar(255), "cve_id" varchar(255), "lexen_id" varchar(255), "resource_url" varchar(255)) 
D, [2012-01-26T09:52:23.338048 #4120] DEBUG -- :   [1m[36m (1.0ms)[0m  [1mCREATE TABLE "elan_parser_annotation_documents" ("id" INTEGER PRIMARY KEY AUTOINCREMENT NOT NULL, "author" varchar(255) NOT NULL, "date" datetime NOT NULL, "format" varchar(255), "version" varchar(255), "headers_id" integer, "time_orders_id" integer, "documents_id" integer) [0m
D, [2012-01-26T09:52:23.341048 #4120] DEBUG -- :   [1m[35m (0.0ms)[0m  CREATE TABLE "elan_parser_annotation_documents_tiers" ("id" INTEGER PRIMARY KEY AUTOINCREMENT NOT NULL, "annotation_document_id" integer, "tier_id" integer) 
D, [2012-01-26T09:52:23.344048 #4120] DEBUG -- :   [1m[36m (0.0ms)[0m  [1mCREATE TABLE "elan_parser_annotation_documents_linguistic_types" ("id" INTEGER PRIMARY KEY AUTOINCREMENT NOT NULL, "annotation_documents_id" integer, "linguistic_types_id" integer) [0m
D, [2012-01-26T09:52:23.347049 #4120] DEBUG -- :   [1m[35m (0.0ms)[0m  CREATE TABLE "elan_parser_annotation_documents_locales" ("id" INTEGER PRIMARY KEY AUTOINCREMENT NOT NULL, "annotation_documents_id" integer, "locales_id" integer) 
D, [2012-01-26T09:52:23.353049 #4120] DEBUG -- :   [1m[36m (0.0ms)[0m  [1mCREATE TABLE "elan_parser_annotation_documents_constraints" ("id" INTEGER PRIMARY KEY AUTOINCREMENT NOT NULL, "annotation_documents_id" integer, "contraints_id" integer) [0m
D, [2012-01-26T09:52:23.355049 #4120] DEBUG -- :   [1m[35m (0.0ms)[0m  CREATE TABLE "elan_parser_annotation_controlled_vocabularies_documents" ("id" INTEGER PRIMARY KEY AUTOINCREMENT NOT NULL, "annotation_documents_id" integer, "controlled_vocabularies_id" integer) 
D, [2012-01-26T09:52:23.357049 #4120] DEBUG -- :   [1m[36m (0.0ms)[0m  [1mCREATE TABLE "elan_parser_annotation_documents_lexicon_refs" ("id" INTEGER PRIMARY KEY AUTOINCREMENT NOT NULL, "annotation_documents_id" integer, "lexicon_refs_id" integer) [0m
D, [2012-01-26T09:52:23.370050 #4120] DEBUG -- :   [1m[35m (0.0ms)[0m  CREATE TABLE "elan_parser_annotation_documents_external_refs" ("id" INTEGER PRIMARY KEY AUTOINCREMENT NOT NULL, "annotation_documents_id" integer, "external_refs_id" integer) 
D, [2012-01-26T09:52:23.374050 #4120] DEBUG -- :   [1m[36m (0.0ms)[0m  [1mINSERT INTO "schema_migrations" ("version") VALUES ('1')[0m
D, [2012-01-26T10:33:41.103768 #5716] DEBUG -- :   [1m[36m (1.0ms)[0m  [1mSELECT "schema_migrations"."version" FROM "schema_migrations" [0m
I, [2012-01-26T10:33:41.103768 #5716]  INFO -- : Migrating to ElanParser (1)
D, [2012-01-26T10:33:57.366698 #5952] DEBUG -- :   [1m[36m (0.0ms)[0m  [1mselect sqlite_version(*)[0m
D, [2012-01-26T10:33:57.530708 #5952] DEBUG -- :   [1m[35m (163.0ms)[0m  CREATE TABLE "schema_migrations" ("version" varchar(255) NOT NULL) 
D, [2012-01-26T10:33:57.530708 #5952] DEBUG -- :   [1m[36m (0.0ms)[0m  [1mPRAGMA index_list("schema_migrations")[0m
D, [2012-01-26T10:33:57.663715 #5952] DEBUG -- :   [1m[35m (132.0ms)[0m  CREATE UNIQUE INDEX "unique_schema_migrations" ON "schema_migrations" ("version")
D, [2012-01-26T10:33:57.668716 #5952] DEBUG -- :   [1m[36m (1.0ms)[0m  [1mSELECT "schema_migrations"."version" FROM "schema_migrations" [0m
I, [2012-01-26T10:33:57.668716 #5952]  INFO -- : Migrating to ElanParser (1)
D, [2012-01-26T10:33:57.722719 #5952] DEBUG -- :   [1m[35m (2.0ms)[0m  CREATE TABLE "elan_parser_documents" ("id" INTEGER PRIMARY KEY AUTOINCREMENT NOT NULL, "created_at" datetime, "updated_at" datetime, "file_name" varchar(255) NOT NULL, "project_id" integer) 
D, [2012-01-26T10:33:57.724719 #5952] DEBUG -- :   [1m[36m (0.0ms)[0m  [1mCREATE TABLE "elan_parser_projects" ("id" INTEGER PRIMARY KEY AUTOINCREMENT NOT NULL, "created_at" datetime, "updated_at" datetime, "project_name" varchar(255) NOT NULL, "description" text NOT NULL) [0m
D, [2012-01-26T10:33:57.727719 #5952] DEBUG -- :   [1m[35m (1.0ms)[0m  CREATE TABLE "elan_parser_media_descriptors" ("id" INTEGER PRIMARY KEY AUTOINCREMENT NOT NULL, "media_url" varchar(255) NOT NULL, "relative_media_url" varchar(255) NOT NULL, "mime_type" varchar(255) NOT NULL, "time_origin" varchar(255) NOT NULL, "extracted_from" varchar(255)) 
D, [2012-01-26T10:33:57.729719 #5952] DEBUG -- :   [1m[36m (1.0ms)[0m  [1mCREATE TABLE "elan_parser_properties" ("id" INTEGER PRIMARY KEY AUTOINCREMENT NOT NULL, "name" varchar(255) NOT NULL, "value" varchar(255) NOT NULL) [0m
D, [2012-01-26T10:33:57.731719 #5952] DEBUG -- :   [1m[35m (0.0ms)[0m  CREATE TABLE "elan_parser_linked_file_descriptors" ("id" INTEGER PRIMARY KEY AUTOINCREMENT NOT NULL, "link_url" varchar(255), "relative_link_url" varchar(255), "mime_type" varchar(255), "time_origin" integer, "associated_with" varchar(255)) 
D, [2012-01-26T10:33:57.733719 #5952] DEBUG -- :   [1m[36m (0.0ms)[0m  [1mCREATE TABLE "elan_parser_headers" ("id" INTEGER PRIMARY KEY AUTOINCREMENT NOT NULL, "media_file" varchar(255), "time_units" varchar(255) NOT NULL) [0m
D, [2012-01-26T10:33:57.736720 #5952] DEBUG -- :   [1m[35m (1.0ms)[0m  CREATE TABLE "elan_parser_headers_media_descriptors" ("id" INTEGER PRIMARY KEY AUTOINCREMENT NOT NULL, "header_id" integer, "media_descriptor_id" integer) 
D, [2012-01-26T10:33:57.738720 #5952] DEBUG -- :   [1m[36m (1.0ms)[0m  [1mCREATE TABLE "elan_parser_headers_linked_file_descriptors" ("id" INTEGER PRIMARY KEY AUTOINCREMENT NOT NULL, "header_id" integer, "linked_file_descriptor_id" integer) [0m
D, [2012-01-26T10:33:57.740720 #5952] DEBUG -- :   [1m[35m (1.0ms)[0m  CREATE TABLE "elan_parser_headers_properties" ("id" INTEGER PRIMARY KEY AUTOINCREMENT NOT NULL, "header_id" integer, "linked_file_descriptor_id" integer) 
D, [2012-01-26T10:33:57.742720 #5952] DEBUG -- :   [1m[36m (0.0ms)[0m  [1mCREATE TABLE "elan_parser_time_slots" ("id" INTEGER PRIMARY KEY AUTOINCREMENT NOT NULL, "time_value" integer NOT NULL) [0m
D, [2012-01-26T10:33:57.744720 #5952] DEBUG -- :   [1m[35m (0.0ms)[0m  CREATE TABLE "elan_parser_time_orders" ("id" INTEGER PRIMARY KEY AUTOINCREMENT NOT NULL, "time_slot_id" integer) 
D, [2012-01-26T10:33:57.746720 #5952] DEBUG -- :   [1m[36m (0.0ms)[0m  [1mCREATE TABLE "elan_parser_reference_annotations" ("id" INTEGER PRIMARY KEY AUTOINCREMENT NOT NULL, "ext_ref" varchar(255), "annotation_ref" varchar(255), "previous_annotation" varchar(255), "annotation_value" varchar(255)) [0m
D, [2012-01-26T10:33:57.748720 #5952] DEBUG -- :   [1m[35m (0.0ms)[0m  CREATE TABLE "elan_parser_alignable_annotations" ("id" INTEGER PRIMARY KEY AUTOINCREMENT NOT NULL, "svg_ref" varchar(255), "ext_ref" varchar(255), "annotation_value" varchar(255)) 
D, [2012-01-26T10:33:57.750720 #5952] DEBUG -- :   [1m[36m (0.0ms)[0m  [1mCREATE TABLE "elan_parser_alignable_annotations_time_slots" ("id" INTEGER PRIMARY KEY AUTOINCREMENT NOT NULL, "alignable_annotation_id" integer, "time_slot_ref1" integer NOT NULL, "time_slot_ref2" integer NOT NULL) [0m
D, [2012-01-26T10:33:57.753721 #5952] DEBUG -- :   [1m[35m (1.0ms)[0m  CREATE TABLE "elan_parser_annotations" ("id" INTEGER PRIMARY KEY AUTOINCREMENT NOT NULL, "alignable_annotation_id" integer, "ref_annotation_id" integer) 
D, [2012-01-26T10:33:57.755721 #5952] DEBUG -- :   [1m[36m (1.0ms)[0m  [1mCREATE TABLE "elan_parser_tiers" ("id" INTEGER PRIMARY KEY AUTOINCREMENT NOT NULL, "participant" varchar(255), "annotator" varchar(255), "linguistic_type_ref" varchar(255) NOT NULL, "default_locale" varchar(255) NOT NULL, "parent_ref" varchar(255), "tier_id" varchar(255) NOT NULL) [0m
D, [2012-01-26T10:33:57.757721 #5952] DEBUG -- :   [1m[35m (0.0ms)[0m  CREATE TABLE "elan_parser_annotations_tiers" ("id" INTEGER PRIMARY KEY AUTOINCREMENT NOT NULL, "tier_id" integer, "annotation_id" integer) 
D, [2012-01-26T10:33:57.760721 #5952] DEBUG -- :   [1m[36m (0.0ms)[0m  [1mCREATE TABLE "elan_parser_linguistic_types" ("id" INTEGER PRIMARY KEY AUTOINCREMENT NOT NULL, "linguistic_type_id" varchar(255), "time_alignable" boolean, "constraints" varchar(255), "graphic_references" boolean, "controlled_vocabulary_ref" varchar(255), "ext_ref" varchar(255), "lexicon_ref" varchar(255)) [0m
D, [2012-01-26T10:33:57.762721 #5952] DEBUG -- :   [1m[35m (0.0ms)[0m  CREATE TABLE "elan_parser_locales" ("id" INTEGER PRIMARY KEY AUTOINCREMENT NOT NULL, "language_code" varchar(255), "country_code" varchar(255), "variant" varchar(255)) 
D, [2012-01-26T10:33:57.765721 #5952] DEBUG -- :   [1m[36m (0.0ms)[0m  [1mCREATE TABLE "elan_parser_constraints" ("id" INTEGER PRIMARY KEY AUTOINCREMENT NOT NULL, "stereotype" varchar(255), "description" varchar(255)) [0m
D, [2012-01-26T10:33:57.767721 #5952] DEBUG -- :   [1m[35m (0.0ms)[0m  CREATE TABLE "elan_parser_cv_entries" ("id" INTEGER PRIMARY KEY AUTOINCREMENT NOT NULL, "description" varchar(255), "ext_ref" varchar(255)) 
D, [2012-01-26T10:33:57.769721 #5952] DEBUG -- :   [1m[36m (1.0ms)[0m  [1mCREATE TABLE "elan_parser_controlled_vocabularies" ("id" INTEGER PRIMARY KEY AUTOINCREMENT NOT NULL, "cv_id" varchar(255) NOT NULL, "description" varchar(255) NOT NULL, "ext_ref" varchar(255)) [0m
D, [2012-01-26T10:33:57.771722 #5952] DEBUG -- :   [1m[35m (0.0ms)[0m  CREATE TABLE "elan_parser_controlled_cv_entries_vocabularies" ("id" INTEGER PRIMARY KEY AUTOINCREMENT NOT NULL, "controlled_vocabularie_id" integer, "cv_entrie_id" integer) 
D, [2012-01-26T10:33:57.774722 #5952] DEBUG -- :   [1m[36m (1.0ms)[0m  [1mCREATE TABLE "elan_parser_lexicon_references" ("id" INTEGER PRIMARY KEY AUTOINCREMENT NOT NULL, "lex_ref_id" varchar(255) NOT NULL, "name" varchar(255) NOT NULL, "type" varchar(255) NOT NULL, "url" varchar(255), "lexicon_id" varchar(255) NOT NULL, "lexicon_name" varchar(255) NOT NULL, "datcat_id" varchar(255) NOT NULL, "datcat_name" varchar(255) NOT NULL) [0m
D, [2012-01-26T10:33:57.777722 #5952] DEBUG -- :   [1m[35m (0.0ms)[0m  CREATE TABLE "elan_parser_external_references" ("id" INTEGER PRIMARY KEY AUTOINCREMENT NOT NULL, "ext_ref_id" varchar(255) NOT NULL, "type" varchar(255) NOT NULL, "value" varchar(255) NOT NULL, "iso12620" varchar(255), "ecv" varchar(255), "cve_id" varchar(255), "lexen_id" varchar(255), "resource_url" varchar(255)) 
D, [2012-01-26T10:33:57.780722 #5952] DEBUG -- :   [1m[36m (0.0ms)[0m  [1mCREATE TABLE "elan_parser_annotation_documents" ("id" INTEGER PRIMARY KEY AUTOINCREMENT NOT NULL, "author" varchar(255) NOT NULL, "date" datetime NOT NULL, "format" varchar(255), "version" varchar(255), "header_id" integer, "time_order_id" integer, "document_id" integer) [0m
D, [2012-01-26T10:33:57.782722 #5952] DEBUG -- :   [1m[35m (0.0ms)[0m  CREATE TABLE "elan_parser_annotation_documents_tiers" ("id" INTEGER PRIMARY KEY AUTOINCREMENT NOT NULL, "annotation_document_id" integer, "tier_id" integer) 
D, [2012-01-26T10:33:57.785722 #5952] DEBUG -- :   [1m[36m (1.0ms)[0m  [1mCREATE TABLE "elan_parser_annotation_documents_linguistic_types" ("id" INTEGER PRIMARY KEY AUTOINCREMENT NOT NULL, "annotation_document_id" integer, "linguistic_type_id" integer) [0m
D, [2012-01-26T10:33:57.788723 #5952] DEBUG -- :   [1m[35m (0.0ms)[0m  CREATE TABLE "elan_parser_annotation_documents_locales" ("id" INTEGER PRIMARY KEY AUTOINCREMENT NOT NULL, "annotation_document_id" integer, "locale_id" integer) 
D, [2012-01-26T10:33:57.792723 #5952] DEBUG -- :   [1m[36m (0.0ms)[0m  [1mCREATE TABLE "elan_parser_annotation_documents_constraints" ("id" INTEGER PRIMARY KEY AUTOINCREMENT NOT NULL, "annotation_document_id" integer, "contraint_id" integer) [0m
D, [2012-01-26T10:33:57.795723 #5952] DEBUG -- :   [1m[35m (0.0ms)[0m  CREATE TABLE "elan_parser_annotation_controlled_vocabularies_documents" ("id" INTEGER PRIMARY KEY AUTOINCREMENT NOT NULL, "annotation_document_id" integer, "controlled_vocabularie_id" integer) 
D, [2012-01-26T10:33:57.802723 #5952] DEBUG -- :   [1m[36m (0.0ms)[0m  [1mCREATE TABLE "elan_parser_annotation_documents_lexicon_refs" ("id" INTEGER PRIMARY KEY AUTOINCREMENT NOT NULL, "annotation_document_id" integer, "lexicon_ref_id" integer) [0m
D, [2012-01-26T10:33:57.818724 #5952] DEBUG -- :   [1m[35m (1.0ms)[0m  CREATE TABLE "elan_parser_annotation_documents_external_refs" ("id" INTEGER PRIMARY KEY AUTOINCREMENT NOT NULL, "annotation_document_id" integer, "external_ref_id" integer) 
D, [2012-01-26T10:33:57.821724 #5952] DEBUG -- :   [1m[36m (1.0ms)[0m  [1mINSERT INTO "schema_migrations" ("version") VALUES ('1')[0m
